e:\latest\desktop\FNAFHWMod\FNAFHWMod\x64\release\fnaf vr hack (fullbright and more!).pch
e:\latest\desktop\FNAFHWMod\FNAFHWMod\x64\release\vc142.pdb
e:\latest\desktop\FNAFHWMod\FNAFHWMod\x64\release\stdafx.obj
e:\latest\desktop\FNAFHWMod\FNAFHWMod\x64\release\headlight_functions.obj
e:\latest\desktop\FNAFHWMod\FNAFHWMod\x64\release\funwithplushtrap_abp_functions.obj
e:\latest\desktop\FNAFHWMod\FNAFHWMod\x64\release\funwithnmbb_abp_functions.obj
e:\latest\desktop\FNAFHWMod\FNAFHWMod\x64\release\fnafplayerpawn_functions.obj
e:\latest\desktop\FNAFHWMod\FNAFHWMod\x64\release\fnafgm_flashlightgame_functions.obj
e:\latest\desktop\FNAFHWMod\FNAFHWMod\x64\release\floor_flashlight_functions.obj
e:\latest\desktop\FNAFHWMod\FNAFHWMod\x64\release\flashlight_power_functions.obj
e:\latest\desktop\FNAFHWMod\FNAFHWMod\x64\release\flashlight_battery_functions.obj
e:\latest\desktop\FNAFHWMod\FNAFHWMod\x64\release\flashlight_battery_finale_functions.obj
e:\latest\desktop\FNAFHWMod\FNAFHWMod\x64\release\flashlightbase_functions.obj
e:\latest\desktop\FNAFHWMod\FNAFHWMod\x64\release\engine_functions.obj
e:\latest\desktop\FNAFHWMod\FNAFHWMod\x64\release\enginesettings_functions.obj
e:\latest\desktop\FNAFHWMod\FNAFHWMod\x64\release\coreuobject_functions.obj
e:\latest\desktop\FNAFHWMod\FNAFHWMod\x64\release\blackoutmanager_functions.obj
e:\latest\desktop\FNAFHWMod\FNAFHWMod\x64\release\bedroom_clocktime_functions.obj
e:\latest\desktop\FNAFHWMod\FNAFHWMod\x64\release\basic.obj
e:\latest\desktop\FNAFHWMod\FNAFHWMod\x64\release\aimodule_functions.obj
e:\latest\desktop\FNAFHWMod\FNAFHWMod\x64\release\proc.obj
e:\latest\desktop\FNAFHWMod\FNAFHWMod\x64\release\mem.obj
e:\latest\desktop\FNAFHWMod\FNAFHWMod\x64\release\dllmain.obj
e:\latest\desktop\FNAFHWMod\FNAFHWMod\x64\release\swgvr_functions.obj
e:\latest\desktop\FNAFHWMod\FNAFHWMod\x64\release\saul_motioncontrollerpawn_functions.obj
e:\latest\desktop\FNAFHWMod\FNAFHWMod\x64\release\power_functions.obj
e:\latest\desktop\FNAFHWMod\FNAFHWMod\x64\release\powerlvl_functions.obj
e:\latest\desktop\FNAFHWMod\FNAFHWMod\x64\release\office_basegamemanager_functions.obj
e:\latest\desktop\FNAFHWMod\FNAFHWMod\x64\release\officeaibase-bp_functions.obj
e:\latest\desktop\FNAFHWMod\FNAFHWMod\x64\release\office03_gamemanager_functions.obj
e:\latest\desktop\FNAFHWMod\FNAFHWMod\x64\release\office01_lightmanager_bp_functions.obj
e:\latest\desktop\FNAFHWMod\FNAFHWMod\x64\release\office01_gamemanager_functions.obj
e:\latest\desktop\FNAFHWMod\FNAFHWMod\x64\release\office01_door_bp_functions.obj
e:\latest\desktop\FNAFHWMod\FNAFHWMod\x64\release\office01_doors_functions.obj
e:\latest\desktop\FNAFHWMod\FNAFHWMod\x64\release\office01_aibase_bp_functions.obj
e:\latest\desktop\FNAFHWMod\FNAFHWMod\x64\release\monitor_clocktime_functions.obj
e:\latest\desktop\FNAFHWMod\FNAFHWMod\x64\release\monitorbutton_musicinteractable_bp_functions.obj
e:\latest\desktop\FNAFHWMod\FNAFHWMod\x64\release\lightslider_functions.obj
e:\latest\desktop\FNAFHWMod\FNAFHWMod\x64\release\lightpropagationvolumeruntime_functions.obj
e:\latest\desktop\FNAFHWMod\FNAFHWMod\x64\release\lightmanager_functions.obj
e:\latest\desktop\FNAFHWMod\FNAFHWMod\x64\release\lightblocker_functions.obj
e:\latest\desktop\FNAFHWMod\FNAFHWMod\x64\release\ifnafvisionfilter_functions.obj
e:\latest\desktop\FNAFHWMod\FNAFHWMod\x64\release\iflashlightinteractible_functions.obj
e:\latest\desktop\FNAFHWMod\FNAFHWMod\x64\release\vent_repair_power_functions.obj
e:\latest\desktop\FNAFHWMod\bin\fnaf vr hack (fullbright and more!).ipdb
e:\latest\desktop\FNAFHWMod\bin\fnaf vr hack (fullbright and more!).iobj
e:\latest\desktop\FNAFHWMod\bin\fnaf vr hack (fullbright and more!).dll
e:\latest\desktop\FNAFHWMod\bin\fnaf vr hack (fullbright and more!).pdb
e:\latest\desktop\FNAFHWMod\FNAFHWMod\x64\release\fnaf vr .cf974883.tlog\cl.command.1.tlog
e:\latest\desktop\FNAFHWMod\FNAFHWMod\x64\release\fnaf vr .cf974883.tlog\cl.read.1.tlog
e:\latest\desktop\FNAFHWMod\FNAFHWMod\x64\release\fnaf vr .cf974883.tlog\cl.write.1.tlog
e:\latest\desktop\FNAFHWMod\FNAFHWMod\x64\release\fnaf vr .cf974883.tlog\fnaf vr hack (fullbright and more!).write.1u.tlog
e:\latest\desktop\FNAFHWMod\FNAFHWMod\x64\release\fnaf vr .cf974883.tlog\link.command.1.tlog
e:\latest\desktop\FNAFHWMod\FNAFHWMod\x64\release\fnaf vr .cf974883.tlog\link.delete.1.tlog
e:\latest\desktop\FNAFHWMod\FNAFHWMod\x64\release\fnaf vr .cf974883.tlog\link.read.1.tlog
e:\latest\desktop\FNAFHWMod\FNAFHWMod\x64\release\fnaf vr .cf974883.tlog\link.write.1.tlog
