D:\Development Stuff\VS2019\IDE\MSBuild\Microsoft\VC\v160\Microsoft.CppBuild.targets(438,5): warning MSB8004: Output Directory does not end with a trailing slash.  This build instance will add the slash as it is required to allow proper evaluation of the Output Directory.
  stdafx.cpp
  dllmain.cpp
  mem.cpp
  proc.cpp
  AIModule_functions.cpp
  Basic.cpp
  Bedroom_ClockTime_functions.cpp
  BlackoutManager_functions.cpp
  CoreUObject_functions.cpp
  EngineSettings_functions.cpp
  Engine_functions.cpp
  FlashlightBase_functions.cpp
  Flashlight_Battery_Finale_functions.cpp
  Flashlight_Battery_functions.cpp
  FlashLight_Power_functions.cpp
  Floor_Flashlight_functions.cpp
  FNAFGM_FlashlightGame_functions.cpp
  FNAFPlayerPawn_functions.cpp
  FunWithNMBB_ABP_functions.cpp
  FunWithPlushtrap_ABP_functions.cpp
  HeadLight_functions.cpp
  Compiling...
  IFlashLightInteractible_functions.cpp
  IFNAFVisionFilter_functions.cpp
  LightBlocker_functions.cpp
  LightManager_functions.cpp
  LightPropagationVolumeRuntime_functions.cpp
  LightSlider_functions.cpp
  MonitorButton_MusicInteractable_BP_functions.cpp
  Monitor_ClockTime_functions.cpp
  Office01_AiBase_BP_functions.cpp
  Office01_Doors_functions.cpp
  Office01_Door_Bp_functions.cpp
  Office01_GameManager_functions.cpp
  Office01_LightManager_Bp_functions.cpp
  Office03_Gamemanager_functions.cpp
  OfficeAiBase-Bp_functions.cpp
  Office_BaseGamemanager_functions.cpp
  PowerLVL_functions.cpp
  Power_functions.cpp
  Saul_MotionControllerPawn_functions.cpp
  SWGVR_functions.cpp
  Compiling...
  Vent_Repair_Power_functions.cpp
C:\Users\marco\Documents\GitHub\Fnaf-VR-HW-Mod-menu\FNAFHWMod\dllmain.cpp(1217,4): warning C4551:  function call missing argument list
  Generating code
  Previous IPDB not found, fall back to full compilation.
  All 906 functions were compiled because no usable IPDB/IOBJ from previous compilation was found.
  Finished generating code
  FNAFHWMod.vcxproj -> C:\Users\marco\Documents\GitHub\Fnaf-VR-HW-Mod-menu\bin\FNAF HW Mod Menu.dll
