D:\Development Stuff\VS2019\IDE\MSBuild\Microsoft\VC\v160\Microsoft.CppBuild.targets(438,5): warning MSB8004: Output Directory does not end with a trailing slash.  This build instance will add the slash as it is required to allow proper evaluation of the Output Directory.
  pch.cpp
  dllmain.cpp
  mem.cpp
  proc.cpp
  Basic.cpp
  CoreUObject_functions.cpp
  Engine_functions.cpp
  FNAFGM_FlashlightGame_functions.cpp
  LightBlockerDoubleFaced_functions.cpp
  LightBlocker_functions.cpp
  MonitorBoard_BP_functions.cpp
  Office01_GameManager_functions.cpp
  Office01_MonitorBoard_BP_functions.cpp
  Office02_GameManager_functions.cpp
  Office02_MonitorBoard_BP_functions.cpp
  Office02_WitheredBonnie_functions.cpp
  Office02_WitheredChica_functions.cpp
  Office02_WitheredFoxy_functions.cpp
  Office02_WitheredFreddy_functions.cpp
  Office03_Gamemanager_functions.cpp
  Office03_MonitorBoard_BP_functions.cpp
  Compiling...
  OfficeAiBase-Bp_functions.cpp
  Office_BaseGamemanager_functions.cpp
  Saul_MotionControllerPawn_functions.cpp
  stdafx.cpp
C:\Users\marco\Documents\GitHub\Fnaf-VR-HW-Mod-menu\ModMenu\dllmain.cpp(1292,4): warning C4551:  function call missing argument list
  Generating code
  Previous IPDB not found, fall back to full compilation.
  All 1002 functions were compiled because no usable IPDB/IOBJ from previous compilation was found.
  Finished generating code
  ModMenuFNAFVR.vcxproj -> C:\Users\marco\Documents\GitHub\Fnaf-VR-HW-Mod-menu\ModMenu\..\Latest Build\ModMenuFNAFVR.dll
