c:\users\marco\documents\github\fnaf-vr-hw-mod-menu\modmenu\x64\release\modmenufnafvr.pch
c:\users\marco\documents\github\fnaf-vr-hw-mod-menu\modmenu\x64\release\vc142.pdb
c:\users\marco\documents\github\fnaf-vr-hw-mod-menu\modmenu\x64\release\pch.obj
c:\users\marco\documents\github\fnaf-vr-hw-mod-menu\modmenu\x64\release\office03_monitorboard_bp_functions.obj
c:\users\marco\documents\github\fnaf-vr-hw-mod-menu\modmenu\x64\release\office03_gamemanager_functions.obj
c:\users\marco\documents\github\fnaf-vr-hw-mod-menu\modmenu\x64\release\office02_witheredfreddy_functions.obj
c:\users\marco\documents\github\fnaf-vr-hw-mod-menu\modmenu\x64\release\office02_witheredfoxy_functions.obj
c:\users\marco\documents\github\fnaf-vr-hw-mod-menu\modmenu\x64\release\office02_witheredchica_functions.obj
c:\users\marco\documents\github\fnaf-vr-hw-mod-menu\modmenu\x64\release\office02_witheredbonnie_functions.obj
c:\users\marco\documents\github\fnaf-vr-hw-mod-menu\modmenu\x64\release\office02_monitorboard_bp_functions.obj
c:\users\marco\documents\github\fnaf-vr-hw-mod-menu\modmenu\x64\release\office02_gamemanager_functions.obj
c:\users\marco\documents\github\fnaf-vr-hw-mod-menu\modmenu\x64\release\office01_monitorboard_bp_functions.obj
c:\users\marco\documents\github\fnaf-vr-hw-mod-menu\modmenu\x64\release\office01_gamemanager_functions.obj
c:\users\marco\documents\github\fnaf-vr-hw-mod-menu\modmenu\x64\release\monitorboard_bp_functions.obj
c:\users\marco\documents\github\fnaf-vr-hw-mod-menu\modmenu\x64\release\lightblocker_functions.obj
c:\users\marco\documents\github\fnaf-vr-hw-mod-menu\modmenu\x64\release\lightblockerdoublefaced_functions.obj
c:\users\marco\documents\github\fnaf-vr-hw-mod-menu\modmenu\x64\release\fnafgm_flashlightgame_functions.obj
c:\users\marco\documents\github\fnaf-vr-hw-mod-menu\modmenu\x64\release\engine_functions.obj
c:\users\marco\documents\github\fnaf-vr-hw-mod-menu\modmenu\x64\release\coreuobject_functions.obj
c:\users\marco\documents\github\fnaf-vr-hw-mod-menu\modmenu\x64\release\basic.obj
c:\users\marco\documents\github\fnaf-vr-hw-mod-menu\modmenu\x64\release\proc.obj
c:\users\marco\documents\github\fnaf-vr-hw-mod-menu\modmenu\x64\release\mem.obj
c:\users\marco\documents\github\fnaf-vr-hw-mod-menu\modmenu\x64\release\dllmain.obj
c:\users\marco\documents\github\fnaf-vr-hw-mod-menu\modmenu\x64\release\stdafx.obj
c:\users\marco\documents\github\fnaf-vr-hw-mod-menu\modmenu\x64\release\saul_motioncontrollerpawn_functions.obj
c:\users\marco\documents\github\fnaf-vr-hw-mod-menu\modmenu\x64\release\office_basegamemanager_functions.obj
c:\users\marco\documents\github\fnaf-vr-hw-mod-menu\modmenu\x64\release\officeaibase-bp_functions.obj
c:\users\marco\documents\github\fnaf-vr-hw-mod-menu\latest build\modmenufnafvr.dll
c:\users\marco\documents\github\fnaf-vr-hw-mod-menu\latest build\modmenufnafvr.pdb
c:\users\marco\documents\github\fnaf-vr-hw-mod-menu\latest build\modmenufnafvr.ipdb
c:\users\marco\documents\github\fnaf-vr-hw-mod-menu\latest build\modmenufnafvr.iobj
c:\users\marco\documents\github\fnaf-vr-hw-mod-menu\modmenu\x64\release\modmenufnafvr.tlog\cl.command.1.tlog
c:\users\marco\documents\github\fnaf-vr-hw-mod-menu\modmenu\x64\release\modmenufnafvr.tlog\cl.read.1.tlog
c:\users\marco\documents\github\fnaf-vr-hw-mod-menu\modmenu\x64\release\modmenufnafvr.tlog\cl.write.1.tlog
c:\users\marco\documents\github\fnaf-vr-hw-mod-menu\modmenu\x64\release\modmenufnafvr.tlog\link.command.1.tlog
c:\users\marco\documents\github\fnaf-vr-hw-mod-menu\modmenu\x64\release\modmenufnafvr.tlog\link.read.1.tlog
c:\users\marco\documents\github\fnaf-vr-hw-mod-menu\modmenu\x64\release\modmenufnafvr.tlog\link.write.1.tlog
c:\users\marco\documents\github\fnaf-vr-hw-mod-menu\modmenu\x64\release\modmenufnafvr.tlog\modmenufnafvr.write.1u.tlog
