  stdafx.cpp
  ActionData_functions.cpp
c:\users\marco\desktop\ue modding\generated sdk\freddy\internal sdk\sdk\actiondata_functions.cpp(20): fatal error C1010: unexpected end of file while looking for precompiled header. Did you forget to add '#include "stdafx.h"' to your source?
  ActionManager_functions.cpp
c:\users\marco\desktop\ue modding\generated sdk\freddy\internal sdk\sdk\actionmanager_functions.cpp(153): fatal error C1010: unexpected end of file while looking for precompiled header. Did you forget to add '#include "stdafx.h"' to your source?
  Actions_functions.cpp
c:\users\marco\desktop\ue modding\generated sdk\freddy\internal sdk\sdk\actions_functions.cpp(20): fatal error C1010: unexpected end of file while looking for precompiled header. Did you forget to add '#include "stdafx.h"' to your source?
  ActorSequence_functions.cpp
c:\users\marco\desktop\ue modding\generated sdk\freddy\internal sdk\sdk\actorsequence_functions.cpp(20): fatal error C1010: unexpected end of file while looking for precompiled header. Did you forget to add '#include "stdafx.h"' to your source?
  AIModule_functions.cpp
c:\users\marco\desktop\ue modding\generated sdk\freddy\internal sdk\sdk\aimodule_functions.cpp(5031): fatal error C1010: unexpected end of file while looking for precompiled header. Did you forget to add '#include "stdafx.h"' to your source?
  AndroidPermission_functions.cpp
c:\users\marco\desktop\ue modding\generated sdk\freddy\internal sdk\sdk\androidpermission_functions.cpp(65): fatal error C1010: unexpected end of file while looking for precompiled header. Did you forget to add '#include "stdafx.h"' to your source?
  AnimationCore_functions.cpp
c:\users\marco\desktop\ue modding\generated sdk\freddy\internal sdk\sdk\animationcore_functions.cpp(20): fatal error C1010: unexpected end of file while looking for precompiled header. Did you forget to add '#include "stdafx.h"' to your source?
  AnimatronicsState_functions.cpp
c:\users\marco\desktop\ue modding\generated sdk\freddy\internal sdk\sdk\animatronicsstate_functions.cpp(42): fatal error C1010: unexpected end of file while looking for precompiled header. Did you forget to add '#include "stdafx.h"' to your source?
  AnimGraphRuntime_functions.cpp
c:\users\marco\desktop\ue modding\generated sdk\freddy\internal sdk\sdk\animgraphruntime_functions.cpp(358): fatal error C1010: unexpected end of file while looking for precompiled header. Did you forget to add '#include "stdafx.h"' to your source?
  AppleImageUtils_functions.cpp
c:\users\marco\desktop\ue modding\generated sdk\freddy\internal sdk\sdk\appleimageutils_functions.cpp(152): fatal error C1010: unexpected end of file while looking for precompiled header. Did you forget to add '#include "stdafx.h"' to your source?
  AppleVision_functions.cpp
c:\users\marco\desktop\ue modding\generated sdk\freddy\internal sdk\sdk\applevision_functions.cpp(44): fatal error C1010: unexpected end of file while looking for precompiled header. Did you forget to add '#include "stdafx.h"' to your source?
  ArchVisCharacter_functions.cpp
c:\users\marco\desktop\ue modding\generated sdk\freddy\internal sdk\sdk\archvischaracter_functions.cpp(20): fatal error C1010: unexpected end of file while looking for precompiled header. Did you forget to add '#include "stdafx.h"' to your source?
  AssetRegistry_functions.cpp
c:\users\marco\desktop\ue modding\generated sdk\freddy\internal sdk\sdk\assetregistry_functions.cpp(746): fatal error C1010: unexpected end of file while looking for precompiled header. Did you forget to add '#include "stdafx.h"' to your source?
  AssignedMaskType_Enum_functions.cpp
c:\users\marco\desktop\ue modding\generated sdk\freddy\internal sdk\sdk\assignedmasktype_enum_functions.cpp(20): fatal error C1010: unexpected end of file while looking for precompiled header. Did you forget to add '#include "stdafx.h"' to your source?
  AudioCapture_functions.cpp
c:\users\marco\desktop\ue modding\generated sdk\freddy\internal sdk\sdk\audiocapture_functions.cpp(20): fatal error C1010: unexpected end of file while looking for precompiled header. Did you forget to add '#include "stdafx.h"' to your source?
  AudioMixer_functions.cpp
c:\users\marco\desktop\ue modding\generated sdk\freddy\internal sdk\sdk\audiomixer_functions.cpp(485): fatal error C1010: unexpected end of file while looking for precompiled header. Did you forget to add '#include "stdafx.h"' to your source?
  AudioPlatformConfiguration_functions.cpp
c:\users\marco\desktop\ue modding\generated sdk\freddy\internal sdk\sdk\audioplatformconfiguration_functions.cpp(20): fatal error C1010: unexpected end of file while looking for precompiled header. Did you forget to add '#include "stdafx.h"' to your source?
  AvfMediaFactory_functions.cpp
c:\users\marco\desktop\ue modding\generated sdk\freddy\internal sdk\sdk\avfmediafactory_functions.cpp(20): fatal error C1010: unexpected end of file while looking for precompiled header. Did you forget to add '#include "stdafx.h"' to your source?
  Basic.cpp
c:\users\marco\desktop\ue modding\generated sdk\freddy\internal sdk\sdk\basic.cpp(54): fatal error C1010: unexpected end of file while looking for precompiled header. Did you forget to add '#include "stdafx.h"' to your source?
  BedroomClosetDoors_functions.cpp
c:\users\marco\desktop\ue modding\generated sdk\freddy\internal sdk\sdk\bedroomclosetdoors_functions.cpp(347): fatal error C1010: unexpected end of file while looking for precompiled header. Did you forget to add '#include "stdafx.h"' to your source?
  Generating Code...
  Compiling...
  BedroomClosetDoor_functions.cpp
c:\users\marco\desktop\ue modding\generated sdk\freddy\internal sdk\sdk\bedroomclosetdoor_functions.cpp(329): fatal error C1010: unexpected end of file while looking for precompiled header. Did you forget to add '#include "stdafx.h"' to your source?
  Bedroom_Door_BP_functions.cpp
c:\users\marco\desktop\ue modding\generated sdk\freddy\internal sdk\sdk\bedroom_door_bp_functions.cpp(312): fatal error C1010: unexpected end of file while looking for precompiled header. Did you forget to add '#include "stdafx.h"' to your source?
  BigToyIdleState_functions.cpp
c:\users\marco\desktop\ue modding\generated sdk\freddy\internal sdk\sdk\bigtoyidlestate_functions.cpp(42): fatal error C1010: unexpected end of file while looking for precompiled header. Did you forget to add '#include "stdafx.h"' to your source?
  BigToyMoveState_functions.cpp
c:\users\marco\desktop\ue modding\generated sdk\freddy\internal sdk\sdk\bigtoymovestate_functions.cpp(20): fatal error C1010: unexpected end of file while looking for precompiled header. Did you forget to add '#include "stdafx.h"' to your source?
  BigToy_O4_State_functions.cpp
c:\users\marco\desktop\ue modding\generated sdk\freddy\internal sdk\sdk\bigtoy_o4_state_functions.cpp(20): fatal error C1010: unexpected end of file while looking for precompiled header. Did you forget to add '#include "stdafx.h"' to your source?
  BigToy_Office04_AnimBP_functions.cpp
c:\users\marco\desktop\ue modding\generated sdk\freddy\internal sdk\sdk\bigtoy_office04_animbp_functions.cpp(626): fatal error C1010: unexpected end of file while looking for precompiled header. Did you forget to add '#include "stdafx.h"' to your source?
  BigToy_Office04_BP_functions.cpp
c:\users\marco\desktop\ue modding\generated sdk\freddy\internal sdk\sdk\bigtoy_office04_bp_functions.cpp(434): fatal error C1010: unexpected end of file while looking for precompiled header. Did you forget to add '#include "stdafx.h"' to your source?
  BonnieRepairTuner_functions.cpp
c:\users\marco\desktop\ue modding\generated sdk\freddy\internal sdk\sdk\bonnierepairtuner_functions.cpp(315): fatal error C1010: unexpected end of file while looking for precompiled header. Did you forget to add '#include "stdafx.h"' to your source?
  Bonnie_BTN_Sound_functions.cpp
c:\users\marco\desktop\ue modding\generated sdk\freddy\internal sdk\sdk\bonnie_btn_sound_functions.cpp(233): fatal error C1010: unexpected end of file while looking for precompiled header. Did you forget to add '#include "stdafx.h"' to your source?
  Bonnie_Office01_AnimBp_functions.cpp
c:\users\marco\desktop\ue modding\generated sdk\freddy\internal sdk\sdk\bonnie_office01_animbp_functions.cpp(873): fatal error C1010: unexpected end of file while looking for precompiled header. Did you forget to add '#include "stdafx.h"' to your source?
  Bonnie_Repair_Anim_BP_functions.cpp
c:\users\marco\desktop\ue modding\generated sdk\freddy\internal sdk\sdk\bonnie_repair_anim_bp_functions.cpp(128): fatal error C1010: unexpected end of file while looking for precompiled header. Did you forget to add '#include "stdafx.h"' to your source?
  BP_FNAFGameMode_functions.cpp
c:\users\marco\desktop\ue modding\generated sdk\freddy\internal sdk\sdk\bp_fnafgamemode_functions.cpp(111): fatal error C1010: unexpected end of file while looking for precompiled header. Did you forget to add '#include "stdafx.h"' to your source?
  BP_FNAFGameState_functions.cpp
c:\users\marco\desktop\ue modding\generated sdk\freddy\internal sdk\sdk\bp_fnafgamestate_functions.cpp(226): fatal error C1010: unexpected end of file while looking for precompiled header. Did you forget to add '#include "stdafx.h"' to your source?
  BP_FNAF_GameInstance_functions.cpp
c:\users\marco\desktop\ue modding\generated sdk\freddy\internal sdk\sdk\bp_fnaf_gameinstance_functions.cpp(1395): fatal error C1010: unexpected end of file while looking for precompiled header. Did you forget to add '#include "stdafx.h"' to your source?
  BTService_Randomize_functions.cpp
c:\users\marco\desktop\ue modding\generated sdk\freddy\internal sdk\sdk\btservice_randomize_functions.cpp(62): fatal error C1010: unexpected end of file while looking for precompiled header. Did you forget to add '#include "stdafx.h"' to your source?
  BTTask_MoveTo_functions.cpp
c:\users\marco\desktop\ue modding\generated sdk\freddy\internal sdk\sdk\bttask_moveto_functions.cpp(119): fatal error C1010: unexpected end of file while looking for precompiled header. Did you forget to add '#include "stdafx.h"' to your source?
  BTTask_StopMove_functions.cpp
c:\users\marco\desktop\ue modding\generated sdk\freddy\internal sdk\sdk\bttask_stopmove_functions.cpp(62): fatal error C1010: unexpected end of file while looking for precompiled header. Did you forget to add '#include "stdafx.h"' to your source?
  BuildPatchServices_functions.cpp
c:\users\marco\desktop\ue modding\generated sdk\freddy\internal sdk\sdk\buildpatchservices_functions.cpp(20): fatal error C1010: unexpected end of file while looking for precompiled header. Did you forget to add '#include "stdafx.h"' to your source?
  ButtonCheckEnum_functions.cpp
c:\users\marco\desktop\ue modding\generated sdk\freddy\internal sdk\sdk\buttoncheckenum_functions.cpp(20): fatal error C1010: unexpected end of file while looking for precompiled header. Did you forget to add '#include "stdafx.h"' to your source?
  ButtonPressArray_functions.cpp
c:\users\marco\desktop\ue modding\generated sdk\freddy\internal sdk\sdk\buttonpressarray_functions.cpp(20): fatal error C1010: unexpected end of file while looking for precompiled header. Did you forget to add '#include "stdafx.h"' to your source?
  Generating Code...
  Compiling...
  Button_Hold_functions.cpp
c:\users\marco\desktop\ue modding\generated sdk\freddy\internal sdk\sdk\button_hold_functions.cpp(436): fatal error C1010: unexpected end of file while looking for precompiled header. Did you forget to add '#include "stdafx.h"' to your source?
  CableComponent_functions.cpp
c:\users\marco\desktop\ue modding\generated sdk\freddy\internal sdk\sdk\cablecomponent_functions.cpp(112): fatal error C1010: unexpected end of file while looking for precompiled header. Did you forget to add '#include "stdafx.h"' to your source?
  CharacterHeadFollow_functions.cpp
c:\users\marco\desktop\ue modding\generated sdk\freddy\internal sdk\sdk\characterheadfollow_functions.cpp(124): fatal error C1010: unexpected end of file while looking for precompiled header. Did you forget to add '#include "stdafx.h"' to your source?
  CharacterInfo_functions.cpp
c:\users\marco\desktop\ue modding\generated sdk\freddy\internal sdk\sdk\characterinfo_functions.cpp(20): fatal error C1010: unexpected end of file while looking for precompiled header. Did you forget to add '#include "stdafx.h"' to your source?
  CharactersThatCanHeadFollow_functions.cpp
c:\users\marco\desktop\ue modding\generated sdk\freddy\internal sdk\sdk\charactersthatcanheadfollow_functions.cpp(20): fatal error C1010: unexpected end of file while looking for precompiled header. Did you forget to add '#include "stdafx.h"' to your source?
  CinematicCamera_functions.cpp
c:\users\marco\desktop\ue modding\generated sdk\freddy\internal sdk\sdk\cinematiccamera_functions.cpp(172): fatal error C1010: unexpected end of file while looking for precompiled header. Did you forget to add '#include "stdafx.h"' to your source?
  ClearDataBlueprint_functions.cpp
c:\users\marco\desktop\ue modding\generated sdk\freddy\internal sdk\sdk\cleardatablueprint_functions.cpp(176): fatal error C1010: unexpected end of file while looking for precompiled header. Did you forget to add '#include "stdafx.h"' to your source?
  ClothingSystemRuntimeInterface_functions.cpp
c:\users\marco\desktop\ue modding\generated sdk\freddy\internal sdk\sdk\clothingsystemruntimeinterface_functions.cpp(56): fatal error C1010: unexpected end of file while looking for precompiled header. Did you forget to add '#include "stdafx.h"' to your source?
  ClothingSystemRuntime_functions.cpp
c:\users\marco\desktop\ue modding\generated sdk\freddy\internal sdk\sdk\clothingsystemruntime_functions.cpp(101): fatal error C1010: unexpected end of file while looking for precompiled header. Did you forget to add '#include "stdafx.h"' to your source?
  CoinCounterForHiddenCoin_functions.cpp
c:\users\marco\desktop\ue modding\generated sdk\freddy\internal sdk\sdk\coincounterforhiddencoin_functions.cpp(108): fatal error C1010: unexpected end of file while looking for precompiled header. Did you forget to add '#include "stdafx.h"' to your source?
  ConfirmationWidget_functions.cpp
c:\users\marco\desktop\ue modding\generated sdk\freddy\internal sdk\sdk\confirmationwidget_functions.cpp(130): fatal error C1010: unexpected end of file while looking for precompiled header. Did you forget to add '#include "stdafx.h"' to your source?
  CoreUObject_functions.cpp
c:\users\marco\desktop\ue modding\generated sdk\freddy\internal sdk\sdk\coreuobject_functions.cpp(91): fatal error C1010: unexpected end of file while looking for precompiled header. Did you forget to add '#include "stdafx.h"' to your source?
  CustomMeshComponent_functions.cpp
c:\users\marco\desktop\ue modding\generated sdk\freddy\internal sdk\sdk\custommeshcomponent_functions.cpp(83): fatal error C1010: unexpected end of file while looking for precompiled header. Did you forget to add '#include "stdafx.h"' to your source?
  DatasmithContent_functions.cpp
c:\users\marco\desktop\ue modding\generated sdk\freddy\internal sdk\sdk\datasmithcontent_functions.cpp(100): fatal error C1010: unexpected end of file while looking for precompiled header. Did you forget to add '#include "stdafx.h"' to your source?
  DmgTypeBP_Environmental_functions.cpp
c:\users\marco\desktop\ue modding\generated sdk\freddy\internal sdk\sdk\dmgtypebp_environmental_functions.cpp(20): fatal error C1010: unexpected end of file while looking for precompiled header. Did you forget to add '#include "stdafx.h"' to your source?
  EdibleEnum_functions.cpp
c:\users\marco\desktop\ue modding\generated sdk\freddy\internal sdk\sdk\edibleenum_functions.cpp(20): fatal error C1010: unexpected end of file while looking for precompiled header. Did you forget to add '#include "stdafx.h"' to your source?
  EditableMesh_functions.cpp
c:\users\marco\desktop\ue modding\generated sdk\freddy\internal sdk\sdk\editablemesh_functions.cpp(3557): fatal error C1010: unexpected end of file while looking for precompiled header. Did you forget to add '#include "stdafx.h"' to your source?
  EngineMessages_functions.cpp
c:\users\marco\desktop\ue modding\generated sdk\freddy\internal sdk\sdk\enginemessages_functions.cpp(20): fatal error C1010: unexpected end of file while looking for precompiled header. Did you forget to add '#include "stdafx.h"' to your source?
  EngineSettings_functions.cpp
c:\users\marco\desktop\ue modding\generated sdk\freddy\internal sdk\sdk\enginesettings_functions.cpp(20): fatal error C1010: unexpected end of file while looking for precompiled header. Did you forget to add '#include "stdafx.h"' to your source?
  Engine_functions.cpp
c:\users\marco\desktop\ue modding\generated sdk\freddy\internal sdk\sdk\engine_functions.cpp(68067): fatal error C1010: unexpected end of file while looking for precompiled header. Did you forget to add '#include "stdafx.h"' to your source?
  Generating Code...
  Compiling...
  ENiagaraBooleanLogicOps_functions.cpp
c:\users\marco\desktop\ue modding\generated sdk\freddy\internal sdk\sdk\eniagarabooleanlogicops_functions.cpp(20): fatal error C1010: unexpected end of file while looking for precompiled header. Did you forget to add '#include "stdafx.h"' to your source?
  ENiagaraCoordinateSpace_functions.cpp
c:\users\marco\desktop\ue modding\generated sdk\freddy\internal sdk\sdk\eniagaracoordinatespace_functions.cpp(20): fatal error C1010: unexpected end of file while looking for precompiled header. Did you forget to add '#include "stdafx.h"' to your source?
  ENiagaraOrientationAxis_functions.cpp
c:\users\marco\desktop\ue modding\generated sdk\freddy\internal sdk\sdk\eniagaraorientationaxis_functions.cpp(20): fatal error C1010: unexpected end of file while looking for precompiled header. Did you forget to add '#include "stdafx.h"' to your source?
  EyeTracker_functions.cpp
c:\users\marco\desktop\ue modding\generated sdk\freddy\internal sdk\sdk\eyetracker_functions.cpp(137): fatal error C1010: unexpected end of file while looking for precompiled header. Did you forget to add '#include "stdafx.h"' to your source?
  FacialAnimation_functions.cpp
c:\users\marco\desktop\ue modding\generated sdk\freddy\internal sdk\sdk\facialanimation_functions.cpp(20): fatal error C1010: unexpected end of file while looking for precompiled header. Did you forget to add '#include "stdafx.h"' to your source?
  FadeHandlerForPause_functions.cpp
c:\users\marco\desktop\ue modding\generated sdk\freddy\internal sdk\sdk\fadehandlerforpause_functions.cpp(94): fatal error C1010: unexpected end of file while looking for precompiled header. Did you forget to add '#include "stdafx.h"' to your source?
  FinaleCredits_functions.cpp
c:\users\marco\desktop\ue modding\generated sdk\freddy\internal sdk\sdk\finalecredits_functions.cpp(74): fatal error C1010: unexpected end of file while looking for precompiled header. Did you forget to add '#include "stdafx.h"' to your source?
  FlashlightBase_functions.cpp
c:\users\marco\desktop\ue modding\generated sdk\freddy\internal sdk\sdk\flashlightbase_functions.cpp(336): fatal error C1010: unexpected end of file while looking for precompiled header. Did you forget to add '#include "stdafx.h"' to your source?
  Flashlight_Battery_Finale_functions.cpp
c:\users\marco\desktop\ue modding\generated sdk\freddy\internal sdk\sdk\flashlight_battery_finale_functions.cpp(20): fatal error C1010: unexpected end of file while looking for precompiled header. Did you forget to add '#include "stdafx.h"' to your source?
  Flashlight_Battery_functions.cpp
c:\users\marco\desktop\ue modding\generated sdk\freddy\internal sdk\sdk\flashlight_battery_functions.cpp(907): fatal error C1010: unexpected end of file while looking for precompiled header. Did you forget to add '#include "stdafx.h"' to your source?
  FlashLight_Power_functions.cpp
c:\users\marco\desktop\ue modding\generated sdk\freddy\internal sdk\sdk\flashlight_power_functions.cpp(139): fatal error C1010: unexpected end of file while looking for precompiled header. Did you forget to add '#include "stdafx.h"' to your source?
  FNAFCamera_Blueprint_functions.cpp
c:\users\marco\desktop\ue modding\generated sdk\freddy\internal sdk\sdk\fnafcamera_blueprint_functions.cpp(170): fatal error C1010: unexpected end of file while looking for precompiled header. Did you forget to add '#include "stdafx.h"' to your source?
  FNAFGM_FlashlightGame_functions.cpp
c:\users\marco\desktop\ue modding\generated sdk\freddy\internal sdk\sdk\fnafgm_flashlightgame_functions.cpp(77): fatal error C1010: unexpected end of file while looking for precompiled header. Did you forget to add '#include "stdafx.h"' to your source?
  FNAFPlayerPawn_functions.cpp
c:\users\marco\desktop\ue modding\generated sdk\freddy\internal sdk\sdk\fnafplayerpawn_functions.cpp(268): fatal error C1010: unexpected end of file while looking for precompiled header. Did you forget to add '#include "stdafx.h"' to your source?
  FNAFSaveGame_functions.cpp
c:\users\marco\desktop\ue modding\generated sdk\freddy\internal sdk\sdk\fnafsavegame_functions.cpp(337): fatal error C1010: unexpected end of file while looking for precompiled header. Did you forget to add '#include "stdafx.h"' to your source?
  FNAFVisionDetector_functions.cpp
c:\users\marco\desktop\ue modding\generated sdk\freddy\internal sdk\sdk\fnafvisiondetector_functions.cpp(240): fatal error C1010: unexpected end of file while looking for precompiled header. Did you forget to add '#include "stdafx.h"' to your source?
  Foliage_functions.cpp
c:\users\marco\desktop\ue modding\generated sdk\freddy\internal sdk\sdk\foliage_functions.cpp(130): fatal error C1010: unexpected end of file while looking for precompiled header. Did you forget to add '#include "stdafx.h"' to your source?
  FreddieMask_BP_functions.cpp
c:\users\marco\desktop\ue modding\generated sdk\freddy\internal sdk\sdk\freddiemask_bp_functions.cpp(467): fatal error C1010: unexpected end of file while looking for precompiled header. Did you forget to add '#include "stdafx.h"' to your source?
  FreddyCharacterType_functions.cpp
c:\users\marco\desktop\ue modding\generated sdk\freddy\internal sdk\sdk\freddycharactertype_functions.cpp(20): fatal error C1010: unexpected end of file while looking for precompiled header. Did you forget to add '#include "stdafx.h"' to your source?
  freddys_functions.cpp
c:\users\marco\desktop\ue modding\generated sdk\freddy\internal sdk\sdk\freddys_functions.cpp(1598): fatal error C1010: unexpected end of file while looking for precompiled header. Did you forget to add '#include "stdafx.h"' to your source?
  Generating Code...
  Compiling...
  Freddy_Office01_AnimBp_functions.cpp
c:\users\marco\desktop\ue modding\generated sdk\freddy\internal sdk\sdk\freddy_office01_animbp_functions.cpp(346): fatal error C1010: unexpected end of file while looking for precompiled header. Did you forget to add '#include "stdafx.h"' to your source?
  FunWithNMBB_ABP_functions.cpp
c:\users\marco\desktop\ue modding\generated sdk\freddy\internal sdk\sdk\funwithnmbb_abp_functions.cpp(731): fatal error C1010: unexpected end of file while looking for precompiled header. Did you forget to add '#include "stdafx.h"' to your source?
  FunWithPlushtrap_ABP_functions.cpp
c:\users\marco\desktop\ue modding\generated sdk\freddy\internal sdk\sdk\funwithplushtrap_abp_functions.cpp(881): fatal error C1010: unexpected end of file while looking for precompiled header. Did you forget to add '#include "stdafx.h"' to your source?
  Fun_With_PlushTrap_Anim_BP_functions.cpp
c:\users\marco\desktop\ue modding\generated sdk\freddy\internal sdk\sdk\fun_with_plushtrap_anim_bp_functions.cpp(867): fatal error C1010: unexpected end of file while looking for precompiled header. Did you forget to add '#include "stdafx.h"' to your source?
  Fun_With_PlushTrap_BP_functions.cpp
c:\users\marco\desktop\ue modding\generated sdk\freddy\internal sdk\sdk\fun_with_plushtrap_bp_functions.cpp(322): fatal error C1010: unexpected end of file while looking for precompiled header. Did you forget to add '#include "stdafx.h"' to your source?
  GameplayTags_functions.cpp
c:\users\marco\desktop\ue modding\generated sdk\freddy\internal sdk\sdk\gameplaytags_functions.cpp(861): fatal error C1010: unexpected end of file while looking for precompiled header. Did you forget to add '#include "stdafx.h"' to your source?
  GameplayTasks_functions.cpp
c:\users\marco\desktop\ue modding\generated sdk\freddy\internal sdk\sdk\gameplaytasks_functions.cpp(311): fatal error C1010: unexpected end of file while looking for precompiled header. Did you forget to add '#include "stdafx.h"' to your source?
  GameTypeEnum_functions.cpp
c:\users\marco\desktop\ue modding\generated sdk\freddy\internal sdk\sdk\gametypeenum_functions.cpp(20): fatal error C1010: unexpected end of file while looking for precompiled header. Did you forget to add '#include "stdafx.h"' to your source?
  GeometryCacheTracks_functions.cpp
c:\users\marco\desktop\ue modding\generated sdk\freddy\internal sdk\sdk\geometrycachetracks_functions.cpp(20): fatal error C1010: unexpected end of file while looking for precompiled header. Did you forget to add '#include "stdafx.h"' to your source?
  GeometryCache_functions.cpp
c:\users\marco\desktop\ue modding\generated sdk\freddy\internal sdk\sdk\geometrycache_functions.cpp(527): fatal error C1010: unexpected end of file while looking for precompiled header. Did you forget to add '#include "stdafx.h"' to your source?
  GrabbableToken_functions.cpp
c:\users\marco\desktop\ue modding\generated sdk\freddy\internal sdk\sdk\grabbabletoken_functions.cpp(208): fatal error C1010: unexpected end of file while looking for precompiled header. Did you forget to add '#include "stdafx.h"' to your source?
  GrabbableToken_InitiallyFrozen_functions.cpp
c:\users\marco\desktop\ue modding\generated sdk\freddy\internal sdk\sdk\grabbabletoken_initiallyfrozen_functions.cpp(218): fatal error C1010: unexpected end of file while looking for precompiled header. Did you forget to add '#include "stdafx.h"' to your source?
  GripEnum_functions.cpp
c:\users\marco\desktop\ue modding\generated sdk\freddy\internal sdk\sdk\gripenum_functions.cpp(20): fatal error C1010: unexpected end of file while looking for precompiled header. Did you forget to add '#include "stdafx.h"' to your source?
  Guitar_Tune_functions.cpp
c:\users\marco\desktop\ue modding\generated sdk\freddy\internal sdk\sdk\guitar_tune_functions.cpp(456): fatal error C1010: unexpected end of file while looking for precompiled header. Did you forget to add '#include "stdafx.h"' to your source?
  HandToPointerProximitySquare_functions.cpp
c:\users\marco\desktop\ue modding\generated sdk\freddy\internal sdk\sdk\handtopointerproximitysquare_functions.cpp(97): fatal error C1010: unexpected end of file while looking for precompiled header. Did you forget to add '#include "stdafx.h"' to your source?
  HeadMountedDisplay_functions.cpp
c:\users\marco\desktop\ue modding\generated sdk\freddy\internal sdk\sdk\headmounteddisplay_functions.cpp(1596): fatal error C1010: unexpected end of file while looking for precompiled header. Did you forget to add '#include "stdafx.h"' to your source?
  HiddenCoin_functions.cpp
c:\users\marco\desktop\ue modding\generated sdk\freddy\internal sdk\sdk\hiddencoin_functions.cpp(192): fatal error C1010: unexpected end of file while looking for precompiled header. Did you forget to add '#include "stdafx.h"' to your source?
  HTML5Networking_functions.cpp
c:\users\marco\desktop\ue modding\generated sdk\freddy\internal sdk\sdk\html5networking_functions.cpp(20): fatal error C1010: unexpected end of file while looking for precompiled header. Did you forget to add '#include "stdafx.h"' to your source?
  IFlashLightInteractible_functions.cpp
c:\users\marco\desktop\ue modding\generated sdk\freddy\internal sdk\sdk\iflashlightinteractible_functions.cpp(60): fatal error C1010: unexpected end of file while looking for precompiled header. Did you forget to add '#include "stdafx.h"' to your source?
  IFNAFVisionFilter_functions.cpp
c:\users\marco\desktop\ue modding\generated sdk\freddy\internal sdk\sdk\ifnafvisionfilter_functions.cpp(44): fatal error C1010: unexpected end of file while looking for precompiled header. Did you forget to add '#include "stdafx.h"' to your source?
  Generating Code...
  Compiling...
  ImageWriteQueue_functions.cpp
c:\users\marco\desktop\ue modding\generated sdk\freddy\internal sdk\sdk\imagewritequeue_functions.cpp(45): fatal error C1010: unexpected end of file while looking for precompiled header. Did you forget to add '#include "stdafx.h"' to your source?
  ImgMediaFactory_functions.cpp
c:\users\marco\desktop\ue modding\generated sdk\freddy\internal sdk\sdk\imgmediafactory_functions.cpp(20): fatal error C1010: unexpected end of file while looking for precompiled header. Did you forget to add '#include "stdafx.h"' to your source?
  ImgMedia_functions.cpp
c:\users\marco\desktop\ue modding\generated sdk\freddy\internal sdk\sdk\imgmedia_functions.cpp(86): fatal error C1010: unexpected end of file while looking for precompiled header. Did you forget to add '#include "stdafx.h"' to your source?
  IngameMenu_functions.cpp
c:\users\marco\desktop\ue modding\generated sdk\freddy\internal sdk\sdk\ingamemenu_functions.cpp(544): fatal error C1010: unexpected end of file while looking for precompiled header. Did you forget to add '#include "stdafx.h"' to your source?
  InputCore_functions.cpp
c:\users\marco\desktop\ue modding\generated sdk\freddy\internal sdk\sdk\inputcore_functions.cpp(20): fatal error C1010: unexpected end of file while looking for precompiled header. Did you forget to add '#include "stdafx.h"' to your source?
  Instructions_BaloonBoy_functions.cpp
c:\users\marco\desktop\ue modding\generated sdk\freddy\internal sdk\sdk\instructions_baloonboy_functions.cpp(91): fatal error C1010: unexpected end of file while looking for precompiled header. Did you forget to add '#include "stdafx.h"' to your source?
  Instructions_cIRCUSbABY_functions.cpp
c:\users\marco\desktop\ue modding\generated sdk\freddy\internal sdk\sdk\instructions_circusbaby_functions.cpp(91): fatal error C1010: unexpected end of file while looking for precompiled header. Did you forget to add '#include "stdafx.h"' to your source?
  Instructions_fUNTIMEfOXY_functions.cpp
c:\users\marco\desktop\ue modding\generated sdk\freddy\internal sdk\sdk\instructions_funtimefoxy_functions.cpp(91): fatal error C1010: unexpected end of file while looking for precompiled header. Did you forget to add '#include "stdafx.h"' to your source?
  Instructions_Funtime_functions.cpp
c:\users\marco\desktop\ue modding\generated sdk\freddy\internal sdk\sdk\instructions_funtime_functions.cpp(91): fatal error C1010: unexpected end of file while looking for precompiled header. Did you forget to add '#include "stdafx.h"' to your source?
  Instructions_Office1_functions.cpp
c:\users\marco\desktop\ue modding\generated sdk\freddy\internal sdk\sdk\instructions_office1_functions.cpp(91): fatal error C1010: unexpected end of file while looking for precompiled header. Did you forget to add '#include "stdafx.h"' to your source?
  Instructions_Office2_functions.cpp
c:\users\marco\desktop\ue modding\generated sdk\freddy\internal sdk\sdk\instructions_office2_functions.cpp(91): fatal error C1010: unexpected end of file while looking for precompiled header. Did you forget to add '#include "stdafx.h"' to your source?
  Instructions_Office3_functions.cpp
c:\users\marco\desktop\ue modding\generated sdk\freddy\internal sdk\sdk\instructions_office3_functions.cpp(91): fatal error C1010: unexpected end of file while looking for precompiled header. Did you forget to add '#include "stdafx.h"' to your source?
  Instructions_Plushbaby_functions.cpp
c:\users\marco\desktop\ue modding\generated sdk\freddy\internal sdk\sdk\instructions_plushbaby_functions.cpp(91): fatal error C1010: unexpected end of file while looking for precompiled header. Did you forget to add '#include "stdafx.h"' to your source?
  Instructions_Plushtrap_functions.cpp
c:\users\marco\desktop\ue modding\generated sdk\freddy\internal sdk\sdk\instructions_plushtrap_functions.cpp(91): fatal error C1010: unexpected end of file while looking for precompiled header. Did you forget to add '#include "stdafx.h"' to your source?
  Instructions_Repair_functions.cpp
c:\users\marco\desktop\ue modding\generated sdk\freddy\internal sdk\sdk\instructions_repair_functions.cpp(91): fatal error C1010: unexpected end of file while looking for precompiled header. Did you forget to add '#include "stdafx.h"' to your source?
  Instructions_SpringBonnie_functions.cpp
c:\users\marco\desktop\ue modding\generated sdk\freddy\internal sdk\sdk\instructions_springbonnie_functions.cpp(91): fatal error C1010: unexpected end of file while looking for precompiled header. Did you forget to add '#include "stdafx.h"' to your source?
  IntroLogos_functions.cpp
c:\users\marco\desktop\ue modding\generated sdk\freddy\internal sdk\sdk\intrologos_functions.cpp(60): fatal error C1010: unexpected end of file while looking for precompiled header. Did you forget to add '#include "stdafx.h"' to your source?
  IntroMenuActor_functions.cpp
c:\users\marco\desktop\ue modding\generated sdk\freddy\internal sdk\sdk\intromenuactor_functions.cpp(286): fatal error C1010: unexpected end of file while looking for precompiled header. Did you forget to add '#include "stdafx.h"' to your source?
  IntroMenu_Enum_functions.cpp
c:\users\marco\desktop\ue modding\generated sdk\freddy\internal sdk\sdk\intromenu_enum_functions.cpp(20): fatal error C1010: unexpected end of file while looking for precompiled header. Did you forget to add '#include "stdafx.h"' to your source?
  IntroMenu_functions.cpp
c:\users\marco\desktop\ue modding\generated sdk\freddy\internal sdk\sdk\intromenu_functions.cpp(417): fatal error C1010: unexpected end of file while looking for precompiled header. Did you forget to add '#include "stdafx.h"' to your source?
  Generating Code...
  Compiling...
  IPlayerVisionInteractible_functions.cpp
c:\users\marco\desktop\ue modding\generated sdk\freddy\internal sdk\sdk\iplayervisioninteractible_functions.cpp(60): fatal error C1010: unexpected end of file while looking for precompiled header. Did you forget to add '#include "stdafx.h"' to your source?
  JsonUtilities_functions.cpp
c:\users\marco\desktop\ue modding\generated sdk\freddy\internal sdk\sdk\jsonutilities_functions.cpp(20): fatal error C1010: unexpected end of file while looking for precompiled header. Did you forget to add '#include "stdafx.h"' to your source?
  JumpScareList_functions.cpp
c:\users\marco\desktop\ue modding\generated sdk\freddy\internal sdk\sdk\jumpscarelist_functions.cpp(20): fatal error C1010: unexpected end of file while looking for precompiled header. Did you forget to add '#include "stdafx.h"' to your source?
  JumpScare_functions.cpp
c:\users\marco\desktop\ue modding\generated sdk\freddy\internal sdk\sdk\jumpscare_functions.cpp(846): fatal error C1010: unexpected end of file while looking for precompiled header. Did you forget to add '#include "stdafx.h"' to your source?
  Landscape_functions.cpp
c:\users\marco\desktop\ue modding\generated sdk\freddy\internal sdk\sdk\landscape_functions.cpp(302): fatal error C1010: unexpected end of file while looking for precompiled header. Did you forget to add '#include "stdafx.h"' to your source?
  Left_Bonnie_Eye_functions.cpp
c:\users\marco\desktop\ue modding\generated sdk\freddy\internal sdk\sdk\left_bonnie_eye_functions.cpp(336): fatal error C1010: unexpected end of file while looking for precompiled header. Did you forget to add '#include "stdafx.h"' to your source?
  Left_Bonnie_Eye_Jumpscare_functions.cpp
c:\users\marco\desktop\ue modding\generated sdk\freddy\internal sdk\sdk\left_bonnie_eye_jumpscare_functions.cpp(289): fatal error C1010: unexpected end of file while looking for precompiled header. Did you forget to add '#include "stdafx.h"' to your source?
  Left_EyeBall_Washer_functions.cpp
c:\users\marco\desktop\ue modding\generated sdk\freddy\internal sdk\sdk\left_eyeball_washer_functions.cpp(134): fatal error C1010: unexpected end of file while looking for precompiled header. Did you forget to add '#include "stdafx.h"' to your source?
  LevelInfoStruct_functions.cpp
c:\users\marco\desktop\ue modding\generated sdk\freddy\internal sdk\sdk\levelinfostruct_functions.cpp(20): fatal error C1010: unexpected end of file while looking for precompiled header. Did you forget to add '#include "stdafx.h"' to your source?
  LevelSequence_functions.cpp
c:\users\marco\desktop\ue modding\generated sdk\freddy\internal sdk\sdk\levelsequence_functions.cpp(312): fatal error C1010: unexpected end of file while looking for precompiled header. Did you forget to add '#include "stdafx.h"' to your source?
  Level_Title_functions.cpp
c:\users\marco\desktop\ue modding\generated sdk\freddy\internal sdk\sdk\level_title_functions.cpp(57): fatal error C1010: unexpected end of file while looking for precompiled header. Did you forget to add '#include "stdafx.h"' to your source?
  LightBlocker_functions.cpp
c:\users\marco\desktop\ue modding\generated sdk\freddy\internal sdk\sdk\lightblocker_functions.cpp(37): fatal error C1010: unexpected end of file while looking for precompiled header. Did you forget to add '#include "stdafx.h"' to your source?
  LightPropagationVolumeRuntime_functions.cpp
c:\users\marco\desktop\ue modding\generated sdk\freddy\internal sdk\sdk\lightpropagationvolumeruntime_functions.cpp(20): fatal error C1010: unexpected end of file while looking for precompiled header. Did you forget to add '#include "stdafx.h"' to your source?
  LightSlider_functions.cpp
c:\users\marco\desktop\ue modding\generated sdk\freddy\internal sdk\sdk\lightslider_functions.cpp(83): fatal error C1010: unexpected end of file while looking for precompiled header. Did you forget to add '#include "stdafx.h"' to your source?
  LinearTimecode_functions.cpp
c:\users\marco\desktop\ue modding\generated sdk\freddy\internal sdk\sdk\lineartimecode_functions.cpp(118): fatal error C1010: unexpected end of file while looking for precompiled header. Did you forget to add '#include "stdafx.h"' to your source?
  LobbyPlayerController_functions.cpp
c:\users\marco\desktop\ue modding\generated sdk\freddy\internal sdk\sdk\lobbyplayercontroller_functions.cpp(257): fatal error C1010: unexpected end of file while looking for precompiled header. Did you forget to add '#include "stdafx.h"' to your source?
  LocationServicesBPLibrary_functions.cpp
c:\users\marco\desktop\ue modding\generated sdk\freddy\internal sdk\sdk\locationservicesbplibrary_functions.cpp(182): fatal error C1010: unexpected end of file while looking for precompiled header. Did you forget to add '#include "stdafx.h"' to your source?
  LocPoint_BP_functions.cpp
c:\users\marco\desktop\ue modding\generated sdk\freddy\internal sdk\sdk\locpoint_bp_functions.cpp(105): fatal error C1010: unexpected end of file while looking for precompiled header. Did you forget to add '#include "stdafx.h"' to your source?
  MaintenceBoard_BP_functions.cpp
c:\users\marco\desktop\ue modding\generated sdk\freddy\internal sdk\sdk\maintenceboard_bp_functions.cpp(417): fatal error C1010: unexpected end of file while looking for precompiled header. Did you forget to add '#include "stdafx.h"' to your source?
  MaintenenceComputer_functions.cpp
c:\users\marco\desktop\ue modding\generated sdk\freddy\internal sdk\sdk\maintenencecomputer_functions.cpp(232): fatal error C1010: unexpected end of file while looking for precompiled header. Did you forget to add '#include "stdafx.h"' to your source?
  Generating Code...
  Compiling...
  MaterialShaderQualitySettings_functions.cpp
c:\users\marco\desktop\ue modding\generated sdk\freddy\internal sdk\sdk\materialshaderqualitysettings_functions.cpp(20): fatal error C1010: unexpected end of file while looking for precompiled header. Did you forget to add '#include "stdafx.h"' to your source?
  MediaAssets_functions.cpp
c:\users\marco\desktop\ue modding\generated sdk\freddy\internal sdk\sdk\mediaassets_functions.cpp(2211): fatal error C1010: unexpected end of file while looking for precompiled header. Did you forget to add '#include "stdafx.h"' to your source?
  MediaCompositing_functions.cpp
c:\users\marco\desktop\ue modding\generated sdk\freddy\internal sdk\sdk\mediacompositing_functions.cpp(20): fatal error C1010: unexpected end of file while looking for precompiled header. Did you forget to add '#include "stdafx.h"' to your source?
  MediaUtils_functions.cpp
c:\users\marco\desktop\ue modding\generated sdk\freddy\internal sdk\sdk\mediautils_functions.cpp(20): fatal error C1010: unexpected end of file while looking for precompiled header. Did you forget to add '#include "stdafx.h"' to your source?
  MeshDescription_functions.cpp
c:\users\marco\desktop\ue modding\generated sdk\freddy\internal sdk\sdk\meshdescription_functions.cpp(20): fatal error C1010: unexpected end of file while looking for precompiled header. Did you forget to add '#include "stdafx.h"' to your source?
  MobilePatchingUtils_functions.cpp
c:\users\marco\desktop\ue modding\generated sdk\freddy\internal sdk\sdk\mobilepatchingutils_functions.cpp(364): fatal error C1010: unexpected end of file while looking for precompiled header. Did you forget to add '#include "stdafx.h"' to your source?
  MonitorBoard_BP_functions.cpp
c:\users\marco\desktop\ue modding\generated sdk\freddy\internal sdk\sdk\monitorboard_bp_functions.cpp(290): fatal error C1010: unexpected end of file while looking for precompiled header. Did you forget to add '#include "stdafx.h"' to your source?
  MonitorButton_BP_functions.cpp
c:\users\marco\desktop\ue modding\generated sdk\freddy\internal sdk\sdk\monitorbutton_bp_functions.cpp(345): fatal error C1010: unexpected end of file while looking for precompiled header. Did you forget to add '#include "stdafx.h"' to your source?
  MonitorButton_Interactable_BP_functions.cpp
c:\users\marco\desktop\ue modding\generated sdk\freddy\internal sdk\sdk\monitorbutton_interactable_bp_functions.cpp(222): fatal error C1010: unexpected end of file while looking for precompiled header. Did you forget to add '#include "stdafx.h"' to your source?
  MonitorButton_MaintanceButton_functions.cpp
c:\users\marco\desktop\ue modding\generated sdk\freddy\internal sdk\sdk\monitorbutton_maintancebutton_functions.cpp(184): fatal error C1010: unexpected end of file while looking for precompiled header. Did you forget to add '#include "stdafx.h"' to your source?
  MonitorButton_MusicInteractable_BP_functions.cpp
c:\users\marco\desktop\ue modding\generated sdk\freddy\internal sdk\sdk\monitorbutton_musicinteractable_bp_functions.cpp(324): fatal error C1010: unexpected end of file while looking for precompiled header. Did you forget to add '#include "stdafx.h"' to your source?
  Monitor_ClockTime_functions.cpp
c:\users\marco\desktop\ue modding\generated sdk\freddy\internal sdk\sdk\monitor_clocktime_functions.cpp(121): fatal error C1010: unexpected end of file while looking for precompiled header. Did you forget to add '#include "stdafx.h"' to your source?
  MoviePlayer_functions.cpp
c:\users\marco\desktop\ue modding\generated sdk\freddy\internal sdk\sdk\movieplayer_functions.cpp(20): fatal error C1010: unexpected end of file while looking for precompiled header. Did you forget to add '#include "stdafx.h"' to your source?
  MovieSceneCapture_functions.cpp
c:\users\marco\desktop\ue modding\generated sdk\freddy\internal sdk\sdk\moviescenecapture_functions.cpp(671): fatal error C1010: unexpected end of file while looking for precompiled header. Did you forget to add '#include "stdafx.h"' to your source?
  MovieSceneTracks_functions.cpp
c:\users\marco\desktop\ue modding\generated sdk\freddy\internal sdk\sdk\moviescenetracks_functions.cpp(41): fatal error C1010: unexpected end of file while looking for precompiled header. Did you forget to add '#include "stdafx.h"' to your source?
  MovieScene_functions.cpp
c:\users\marco\desktop\ue modding\generated sdk\freddy\internal sdk\sdk\moviescene_functions.cpp(868): fatal error C1010: unexpected end of file while looking for precompiled header. Did you forget to add '#include "stdafx.h"' to your source?
  MPAIController_functions.cpp
c:\users\marco\desktop\ue modding\generated sdk\freddy\internal sdk\sdk\mpaicontroller_functions.cpp(114): fatal error C1010: unexpected end of file while looking for precompiled header. Did you forget to add '#include "stdafx.h"' to your source?
  MPBonnie_functions.cpp
c:\users\marco\desktop\ue modding\generated sdk\freddy\internal sdk\sdk\mpbonnie_functions.cpp(20): fatal error C1010: unexpected end of file while looking for precompiled header. Did you forget to add '#include "stdafx.h"' to your source?
  MPChicaPawn_functions.cpp
c:\users\marco\desktop\ue modding\generated sdk\freddy\internal sdk\sdk\mpchicapawn_functions.cpp(20): fatal error C1010: unexpected end of file while looking for precompiled header. Did you forget to add '#include "stdafx.h"' to your source?
  MPController_functions.cpp
c:\users\marco\desktop\ue modding\generated sdk\freddy\internal sdk\sdk\mpcontroller_functions.cpp(154): fatal error C1010: unexpected end of file while looking for precompiled header. Did you forget to add '#include "stdafx.h"' to your source?
  Generating Code...
  Compiling...
  MPFoxyPawn_functions.cpp
c:\users\marco\desktop\ue modding\generated sdk\freddy\internal sdk\sdk\mpfoxypawn_functions.cpp(20): fatal error C1010: unexpected end of file while looking for precompiled header. Did you forget to add '#include "stdafx.h"' to your source?
  MPFreddyPawnBase_functions.cpp
c:\users\marco\desktop\ue modding\generated sdk\freddy\internal sdk\sdk\mpfreddypawnbase_functions.cpp(325): fatal error C1010: unexpected end of file while looking for precompiled header. Did you forget to add '#include "stdafx.h"' to your source?
  MPFreddyPawn_functions.cpp
c:\users\marco\desktop\ue modding\generated sdk\freddy\internal sdk\sdk\mpfreddypawn_functions.cpp(20): fatal error C1010: unexpected end of file while looking for precompiled header. Did you forget to add '#include "stdafx.h"' to your source?
  MPGameMode_functions.cpp
c:\users\marco\desktop\ue modding\generated sdk\freddy\internal sdk\sdk\mpgamemode_functions.cpp(334): fatal error C1010: unexpected end of file while looking for precompiled header. Did you forget to add '#include "stdafx.h"' to your source?
  MPGMPlayerTracking_functions.cpp
c:\users\marco\desktop\ue modding\generated sdk\freddy\internal sdk\sdk\mpgmplayertracking_functions.cpp(20): fatal error C1010: unexpected end of file while looking for precompiled header. Did you forget to add '#include "stdafx.h"' to your source?
  MPLobbyGameMode_functions.cpp
c:\users\marco\desktop\ue modding\generated sdk\freddy\internal sdk\sdk\mplobbygamemode_functions.cpp(228): fatal error C1010: unexpected end of file while looking for precompiled header. Did you forget to add '#include "stdafx.h"' to your source?
  MPLobbyPawn_functions.cpp
c:\users\marco\desktop\ue modding\generated sdk\freddy\internal sdk\sdk\mplobbypawn_functions.cpp(20): fatal error C1010: unexpected end of file while looking for precompiled header. Did you forget to add '#include "stdafx.h"' to your source?
  MPLobbyUIActor_functions.cpp
c:\users\marco\desktop\ue modding\generated sdk\freddy\internal sdk\sdk\mplobbyuiactor_functions.cpp(173): fatal error C1010: unexpected end of file while looking for precompiled header. Did you forget to add '#include "stdafx.h"' to your source?
  MPLobbyUIPlayerSlot_functions.cpp
c:\users\marco\desktop\ue modding\generated sdk\freddy\internal sdk\sdk\mplobbyuiplayerslot_functions.cpp(97): fatal error C1010: unexpected end of file while looking for precompiled header. Did you forget to add '#include "stdafx.h"' to your source?
  MPLobbyUI_functions.cpp
c:\users\marco\desktop\ue modding\generated sdk\freddy\internal sdk\sdk\mplobbyui_functions.cpp(160): fatal error C1010: unexpected end of file while looking for precompiled header. Did you forget to add '#include "stdafx.h"' to your source?
  MPPlayerLobbyInfo_functions.cpp
c:\users\marco\desktop\ue modding\generated sdk\freddy\internal sdk\sdk\mpplayerlobbyinfo_functions.cpp(20): fatal error C1010: unexpected end of file while looking for precompiled header. Did you forget to add '#include "stdafx.h"' to your source?
  MPUIDisplayActor_functions.cpp
c:\users\marco\desktop\ue modding\generated sdk\freddy\internal sdk\sdk\mpuidisplayactor_functions.cpp(94): fatal error C1010: unexpected end of file while looking for precompiled header. Did you forget to add '#include "stdafx.h"' to your source?
  MPUIGame_functions.cpp
c:\users\marco\desktop\ue modding\generated sdk\freddy\internal sdk\sdk\mpuigame_functions.cpp(214): fatal error C1010: unexpected end of file while looking for precompiled header. Did you forget to add '#include "stdafx.h"' to your source?
  MPUIVisionCone_functions.cpp
c:\users\marco\desktop\ue modding\generated sdk\freddy\internal sdk\sdk\mpuivisioncone_functions.cpp(20): fatal error C1010: unexpected end of file while looking for precompiled header. Did you forget to add '#include "stdafx.h"' to your source?
  MPVRPlayer_functions.cpp
c:\users\marco\desktop\ue modding\generated sdk\freddy\internal sdk\sdk\mpvrplayer_functions.cpp(116): fatal error C1010: unexpected end of file while looking for precompiled header. Did you forget to add '#include "stdafx.h"' to your source?
  MRMesh_functions.cpp
c:\users\marco\desktop\ue modding\generated sdk\freddy\internal sdk\sdk\mrmesh_functions.cpp(215): fatal error C1010: unexpected end of file while looking for precompiled header. Did you forget to add '#include "stdafx.h"' to your source?
  MusicBox_BP_functions.cpp
c:\users\marco\desktop\ue modding\generated sdk\freddy\internal sdk\sdk\musicbox_bp_functions.cpp(20): fatal error C1010: unexpected end of file while looking for precompiled header. Did you forget to add '#include "stdafx.h"' to your source?
  NavigationSystem_functions.cpp
c:\users\marco\desktop\ue modding\generated sdk\freddy\internal sdk\sdk\navigationsystem_functions.cpp(882): fatal error C1010: unexpected end of file while looking for precompiled header. Did you forget to add '#include "stdafx.h"' to your source?
  NiagaraCore_functions.cpp
c:\users\marco\desktop\ue modding\generated sdk\freddy\internal sdk\sdk\niagaracore_functions.cpp(20): fatal error C1010: unexpected end of file while looking for precompiled header. Did you forget to add '#include "stdafx.h"' to your source?
  NiagaraShader_functions.cpp
c:\users\marco\desktop\ue modding\generated sdk\freddy\internal sdk\sdk\niagarashader_functions.cpp(20): fatal error C1010: unexpected end of file while looking for precompiled header. Did you forget to add '#include "stdafx.h"' to your source?
  Generating Code...
  Compiling...
  Niagara_functions.cpp
c:\users\marco\desktop\ue modding\generated sdk\freddy\internal sdk\sdk\niagara_functions.cpp(1287): fatal error C1010: unexpected end of file while looking for precompiled header. Did you forget to add '#include "stdafx.h"' to your source?
  NMFredbear_ABP_functions.cpp
c:\users\marco\desktop\ue modding\generated sdk\freddy\internal sdk\sdk\nmfredbear_abp_functions.cpp(978): fatal error C1010: unexpected end of file while looking for precompiled header. Did you forget to add '#include "stdafx.h"' to your source?
  NMHands_ABP_functions.cpp
c:\users\marco\desktop\ue modding\generated sdk\freddy\internal sdk\sdk\nmhands_abp_functions.cpp(230): fatal error C1010: unexpected end of file while looking for precompiled header. Did you forget to add '#include "stdafx.h"' to your source?
  NMHands_BP_functions.cpp
c:\users\marco\desktop\ue modding\generated sdk\freddy\internal sdk\sdk\nmhands_bp_functions.cpp(201): fatal error C1010: unexpected end of file while looking for precompiled header. Did you forget to add '#include "stdafx.h"' to your source?
  OculusHMD_functions.cpp
c:\users\marco\desktop\ue modding\generated sdk\freddy\internal sdk\sdk\oculushmd_functions.cpp(994): fatal error C1010: unexpected end of file while looking for precompiled header. Did you forget to add '#include "stdafx.h"' to your source?
  Office01FreddyTimes_functions.cpp
c:\users\marco\desktop\ue modding\generated sdk\freddy\internal sdk\sdk\office01freddytimes_functions.cpp(20): fatal error C1010: unexpected end of file while looking for precompiled header. Did you forget to add '#include "stdafx.h"' to your source?
  Office01_AiBase_BP_functions.cpp
c:\users\marco\desktop\ue modding\generated sdk\freddy\internal sdk\sdk\office01_aibase_bp_functions.cpp(235): fatal error C1010: unexpected end of file while looking for precompiled header. Did you forget to add '#include "stdafx.h"' to your source?
  Office01_Bonnie_functions.cpp
c:\users\marco\desktop\ue modding\generated sdk\freddy\internal sdk\sdk\office01_bonnie_functions.cpp(150): fatal error C1010: unexpected end of file while looking for precompiled header. Did you forget to add '#include "stdafx.h"' to your source?
  Office01_Doors_functions.cpp
c:\users\marco\desktop\ue modding\generated sdk\freddy\internal sdk\sdk\office01_doors_functions.cpp(20): fatal error C1010: unexpected end of file while looking for precompiled header. Did you forget to add '#include "stdafx.h"' to your source?
  Office01_Door_Bp_functions.cpp
c:\users\marco\desktop\ue modding\generated sdk\freddy\internal sdk\sdk\office01_door_bp_functions.cpp(478): fatal error C1010: unexpected end of file while looking for precompiled header. Did you forget to add '#include "stdafx.h"' to your source?
  Office01_Foxy_functions.cpp
c:\users\marco\desktop\ue modding\generated sdk\freddy\internal sdk\sdk\office01_foxy_functions.cpp(196): fatal error C1010: unexpected end of file while looking for precompiled header. Did you forget to add '#include "stdafx.h"' to your source?
  Office01_Freddy_functions.cpp
c:\users\marco\desktop\ue modding\generated sdk\freddy\internal sdk\sdk\office01_freddy_functions.cpp(418): fatal error C1010: unexpected end of file while looking for precompiled header. Did you forget to add '#include "stdafx.h"' to your source?
  Office01_GameManager_functions.cpp
c:\users\marco\desktop\ue modding\generated sdk\freddy\internal sdk\sdk\office01_gamemanager_functions.cpp(386): fatal error C1010: unexpected end of file while looking for precompiled header. Did you forget to add '#include "stdafx.h"' to your source?
  Office01_LightManager_Bp_functions.cpp
c:\users\marco\desktop\ue modding\generated sdk\freddy\internal sdk\sdk\office01_lightmanager_bp_functions.cpp(94): fatal error C1010: unexpected end of file while looking for precompiled header. Did you forget to add '#include "stdafx.h"' to your source?
  Office02_GameManager_functions.cpp
c:\users\marco\desktop\ue modding\generated sdk\freddy\internal sdk\sdk\office02_gamemanager_functions.cpp(478): fatal error C1010: unexpected end of file while looking for precompiled header. Did you forget to add '#include "stdafx.h"' to your source?
  Office02_MonitorBoard_BP_functions.cpp
c:\users\marco\desktop\ue modding\generated sdk\freddy\internal sdk\sdk\office02_monitorboard_bp_functions.cpp(293): fatal error C1010: unexpected end of file while looking for precompiled header. Did you forget to add '#include "stdafx.h"' to your source?
  Office02_Puppet_AnimBp_functions.cpp
c:\users\marco\desktop\ue modding\generated sdk\freddy\internal sdk\sdk\office02_puppet_animbp_functions.cpp(142): fatal error C1010: unexpected end of file while looking for precompiled header. Did you forget to add '#include "stdafx.h"' to your source?
  Office02_Puppet_Bp_functions.cpp
c:\users\marco\desktop\ue modding\generated sdk\freddy\internal sdk\sdk\office02_puppet_bp_functions.cpp(264): fatal error C1010: unexpected end of file while looking for precompiled header. Did you forget to add '#include "stdafx.h"' to your source?
  Office03_Gamemanager_functions.cpp
c:\users\marco\desktop\ue modding\generated sdk\freddy\internal sdk\sdk\office03_gamemanager_functions.cpp(183): fatal error C1010: unexpected end of file while looking for precompiled header. Did you forget to add '#include "stdafx.h"' to your source?
  Office03_MonitorBoard_BP_functions.cpp
c:\users\marco\desktop\ue modding\generated sdk\freddy\internal sdk\sdk\office03_monitorboard_bp_functions.cpp(502): fatal error C1010: unexpected end of file while looking for precompiled header. Did you forget to add '#include "stdafx.h"' to your source?
  Generating Code...
  Compiling...
  Office03_PhantomAi_enum_functions.cpp
c:\users\marco\desktop\ue modding\generated sdk\freddy\internal sdk\sdk\office03_phantomai_enum_functions.cpp(20): fatal error C1010: unexpected end of file while looking for precompiled header. Did you forget to add '#include "stdafx.h"' to your source?
  Office03_PhantomData_functions.cpp
c:\users\marco\desktop\ue modding\generated sdk\freddy\internal sdk\sdk\office03_phantomdata_functions.cpp(20): fatal error C1010: unexpected end of file while looking for precompiled header. Did you forget to add '#include "stdafx.h"' to your source?
  Office03_ResourceManagement_struct_functions.cpp
c:\users\marco\desktop\ue modding\generated sdk\freddy\internal sdk\sdk\office03_resourcemanagement_struct_functions.cpp(20): fatal error C1010: unexpected end of file while looking for precompiled header. Did you forget to add '#include "stdafx.h"' to your source?
  Office03_VentRoomLockOff_struct_functions.cpp
c:\users\marco\desktop\ue modding\generated sdk\freddy\internal sdk\sdk\office03_ventroomlockoff_struct_functions.cpp(20): fatal error C1010: unexpected end of file while looking for precompiled header. Did you forget to add '#include "stdafx.h"' to your source?
  Office04_GameManager_functions.cpp
c:\users\marco\desktop\ue modding\generated sdk\freddy\internal sdk\sdk\office04_gamemanager_functions.cpp(234): fatal error C1010: unexpected end of file while looking for precompiled header. Did you forget to add '#include "stdafx.h"' to your source?
  Office04_LightCollider_functions.cpp
c:\users\marco\desktop\ue modding\generated sdk\freddy\internal sdk\sdk\office04_lightcollider_functions.cpp(180): fatal error C1010: unexpected end of file while looking for precompiled header. Did you forget to add '#include "stdafx.h"' to your source?
  Office04_NightmareFredBear_functions.cpp
c:\users\marco\desktop\ue modding\generated sdk\freddy\internal sdk\sdk\office04_nightmarefredbear_functions.cpp(384): fatal error C1010: unexpected end of file while looking for precompiled header. Did you forget to add '#include "stdafx.h"' to your source?
  Office04_RoomInfo_BP_functions.cpp
c:\users\marco\desktop\ue modding\generated sdk\freddy\internal sdk\sdk\office04_roominfo_bp_functions.cpp(37): fatal error C1010: unexpected end of file while looking for precompiled header. Did you forget to add '#include "stdafx.h"' to your source?
  Office4_Locations_functions.cpp
c:\users\marco\desktop\ue modding\generated sdk\freddy\internal sdk\sdk\office4_locations_functions.cpp(20): fatal error C1010: unexpected end of file while looking for precompiled header. Did you forget to add '#include "stdafx.h"' to your source?
  OfficeAiBase-Bp_functions.cpp
c:\users\marco\desktop\ue modding\generated sdk\freddy\internal sdk\sdk\officeaibase-bp_functions.cpp(582): fatal error C1010: unexpected end of file while looking for precompiled header. Did you forget to add '#include "stdafx.h"' to your source?
  OfficeAIDataStruct_functions.cpp
c:\users\marco\desktop\ue modding\generated sdk\freddy\internal sdk\sdk\officeaidatastruct_functions.cpp(20): fatal error C1010: unexpected end of file while looking for precompiled header. Did you forget to add '#include "stdafx.h"' to your source?
  OfficeRoomTransition_Struct_functions.cpp
c:\users\marco\desktop\ue modding\generated sdk\freddy\internal sdk\sdk\officeroomtransition_struct_functions.cpp(20): fatal error C1010: unexpected end of file while looking for precompiled header. Did you forget to add '#include "stdafx.h"' to your source?
  OfficeType_Enum_functions.cpp
c:\users\marco\desktop\ue modding\generated sdk\freddy\internal sdk\sdk\officetype_enum_functions.cpp(20): fatal error C1010: unexpected end of file while looking for precompiled header. Did you forget to add '#include "stdafx.h"' to your source?
  OfficeVictory_functions.cpp
c:\users\marco\desktop\ue modding\generated sdk\freddy\internal sdk\sdk\officevictory_functions.cpp(74): fatal error C1010: unexpected end of file while looking for precompiled header. Did you forget to add '#include "stdafx.h"' to your source?
  Office_BaseGamemanager_functions.cpp
c:\users\marco\desktop\ue modding\generated sdk\freddy\internal sdk\sdk\office_basegamemanager_functions.cpp(409): fatal error C1010: unexpected end of file while looking for precompiled header. Did you forget to add '#include "stdafx.h"' to your source?
  Office_MotionControllerPawn_functions.cpp
c:\users\marco\desktop\ue modding\generated sdk\freddy\internal sdk\sdk\office_motioncontrollerpawn_functions.cpp(125): fatal error C1010: unexpected end of file while looking for precompiled header. Did you forget to add '#include "stdafx.h"' to your source?
  Office_SpringTrap_functions.cpp
c:\users\marco\desktop\ue modding\generated sdk\freddy\internal sdk\sdk\office_springtrap_functions.cpp(268): fatal error C1010: unexpected end of file while looking for precompiled header. Did you forget to add '#include "stdafx.h"' to your source?
  OnlineSubsystemOculus_functions.cpp
c:\users\marco\desktop\ue modding\generated sdk\freddy\internal sdk\sdk\onlinesubsystemoculus_functions.cpp(166): fatal error C1010: unexpected end of file while looking for precompiled header. Did you forget to add '#include "stdafx.h"' to your source?
  OnlineSubsystemSteam_functions.cpp
c:\users\marco\desktop\ue modding\generated sdk\freddy\internal sdk\sdk\onlinesubsystemsteam_functions.cpp(20): fatal error C1010: unexpected end of file while looking for precompiled header. Did you forget to add '#include "stdafx.h"' to your source?
  OnlineSubsystemUtils_functions.cpp
c:\users\marco\desktop\ue modding\generated sdk\freddy\internal sdk\sdk\onlinesubsystemutils_functions.cpp(1093): fatal error C1010: unexpected end of file while looking for precompiled header. Did you forget to add '#include "stdafx.h"' to your source?
  Generating Code...
  Compiling...
  OnlineSubsystem_functions.cpp
c:\users\marco\desktop\ue modding\generated sdk\freddy\internal sdk\sdk\onlinesubsystem_functions.cpp(62): fatal error C1010: unexpected end of file while looking for precompiled header. Did you forget to add '#include "stdafx.h"' to your source?
  Overlay_functions.cpp
c:\users\marco\desktop\ue modding\generated sdk\freddy\internal sdk\sdk\overlay_functions.cpp(20): fatal error C1010: unexpected end of file while looking for precompiled header. Did you forget to add '#include "stdafx.h"' to your source?
  PacketHandler_functions.cpp
c:\users\marco\desktop\ue modding\generated sdk\freddy\internal sdk\sdk\packethandler_functions.cpp(20): fatal error C1010: unexpected end of file while looking for precompiled header. Did you forget to add '#include "stdafx.h"' to your source?
  Paper2D_functions.cpp
c:\users\marco\desktop\ue modding\generated sdk\freddy\internal sdk\sdk\paper2d_functions.cpp(1588): fatal error C1010: unexpected end of file while looking for precompiled header. Did you forget to add '#include "stdafx.h"' to your source?
  PhysXVehicles_functions.cpp
c:\users\marco\desktop\ue modding\generated sdk\freddy\internal sdk\sdk\physxvehicles_functions.cpp(677): fatal error C1010: unexpected end of file while looking for precompiled header. Did you forget to add '#include "stdafx.h"' to your source?
  PickupActorInterface_functions.cpp
c:\users\marco\desktop\ue modding\generated sdk\freddy\internal sdk\sdk\pickupactorinterface_functions.cpp(57): fatal error C1010: unexpected end of file while looking for precompiled header. Did you forget to add '#include "stdafx.h"' to your source?
  PlayerHand_Right_ABP_functions.cpp
c:\users\marco\desktop\ue modding\generated sdk\freddy\internal sdk\sdk\playerhand_right_abp_functions.cpp(60): fatal error C1010: unexpected end of file while looking for precompiled header. Did you forget to add '#include "stdafx.h"' to your source?
  PlayerTitlePawn_functions.cpp
c:\users\marco\desktop\ue modding\generated sdk\freddy\internal sdk\sdk\playertitlepawn_functions.cpp(508): fatal error C1010: unexpected end of file while looking for precompiled header. Did you forget to add '#include "stdafx.h"' to your source?
  PlushTrapIdleState_functions.cpp
c:\users\marco\desktop\ue modding\generated sdk\freddy\internal sdk\sdk\plushtrapidlestate_functions.cpp(42): fatal error C1010: unexpected end of file while looking for precompiled header. Did you forget to add '#include "stdafx.h"' to your source?
  PlushTrapKillState_functions.cpp
c:\users\marco\desktop\ue modding\generated sdk\freddy\internal sdk\sdk\plushtrapkillstate_functions.cpp(20): fatal error C1010: unexpected end of file while looking for precompiled header. Did you forget to add '#include "stdafx.h"' to your source?
  PlushTrapMoveState_functions.cpp
c:\users\marco\desktop\ue modding\generated sdk\freddy\internal sdk\sdk\plushtrapmovestate_functions.cpp(42): fatal error C1010: unexpected end of file while looking for precompiled header. Did you forget to add '#include "stdafx.h"' to your source?
  PlushTrapState_functions.cpp
c:\users\marco\desktop\ue modding\generated sdk\freddy\internal sdk\sdk\plushtrapstate_functions.cpp(20): fatal error C1010: unexpected end of file while looking for precompiled header. Did you forget to add '#include "stdafx.h"' to your source?
  PowerLVL_functions.cpp
c:\users\marco\desktop\ue modding\generated sdk\freddy\internal sdk\sdk\powerlvl_functions.cpp(74): fatal error C1010: unexpected end of file while looking for precompiled header. Did you forget to add '#include "stdafx.h"' to your source?
  Power_functions.cpp
c:\users\marco\desktop\ue modding\generated sdk\freddy\internal sdk\sdk\power_functions.cpp(160): fatal error C1010: unexpected end of file while looking for precompiled header. Did you forget to add '#include "stdafx.h"' to your source?
  PrizeType_functions.cpp
c:\users\marco\desktop\ue modding\generated sdk\freddy\internal sdk\sdk\prizetype_functions.cpp(20): fatal error C1010: unexpected end of file while looking for precompiled header. Did you forget to add '#include "stdafx.h"' to your source?
  Prize_BaloonBoyAF_functions.cpp
c:\users\marco\desktop\ue modding\generated sdk\freddy\internal sdk\sdk\prize_baloonboyaf_functions.cpp(37): fatal error C1010: unexpected end of file while looking for precompiled header. Did you forget to add '#include "stdafx.h"' to your source?
  Prize_Baloon_functions.cpp
c:\users\marco\desktop\ue modding\generated sdk\freddy\internal sdk\sdk\prize_baloon_functions.cpp(37): fatal error C1010: unexpected end of file while looking for precompiled header. Did you forget to add '#include "stdafx.h"' to your source?
  Prize_BasketBall01_functions.cpp
c:\users\marco\desktop\ue modding\generated sdk\freddy\internal sdk\sdk\prize_basketball01_functions.cpp(37): fatal error C1010: unexpected end of file while looking for precompiled header. Did you forget to add '#include "stdafx.h"' to your source?
  Prize_BobbleBonnie_functions.cpp
c:\users\marco\desktop\ue modding\generated sdk\freddy\internal sdk\sdk\prize_bobblebonnie_functions.cpp(20): fatal error C1010: unexpected end of file while looking for precompiled header. Did you forget to add '#include "stdafx.h"' to your source?
  Prize_BobbleChica_functions.cpp
c:\users\marco\desktop\ue modding\generated sdk\freddy\internal sdk\sdk\prize_bobblechica_functions.cpp(20): fatal error C1010: unexpected end of file while looking for precompiled header. Did you forget to add '#include "stdafx.h"' to your source?
  Generating Code...
  Compiling...
  Prize_BobbleFreddy_functions.cpp
c:\users\marco\desktop\ue modding\generated sdk\freddy\internal sdk\sdk\prize_bobblefreddy_functions.cpp(20): fatal error C1010: unexpected end of file while looking for precompiled header. Did you forget to add '#include "stdafx.h"' to your source?
  Prize_BobbleHead_functions.cpp
c:\users\marco\desktop\ue modding\generated sdk\freddy\internal sdk\sdk\prize_bobblehead_functions.cpp(94): fatal error C1010: unexpected end of file while looking for precompiled header. Did you forget to add '#include "stdafx.h"' to your source?
  Prize_BonbonAF_functions.cpp
c:\users\marco\desktop\ue modding\generated sdk\freddy\internal sdk\sdk\prize_bonbonaf_functions.cpp(37): fatal error C1010: unexpected end of file while looking for precompiled header. Did you forget to add '#include "stdafx.h"' to your source?
  Prize_BonniePlush_functions.cpp
c:\users\marco\desktop\ue modding\generated sdk\freddy\internal sdk\sdk\prize_bonnieplush_functions.cpp(37): fatal error C1010: unexpected end of file while looking for precompiled header. Did you forget to add '#include "stdafx.h"' to your source?
  Prize_CakeSlice_functions.cpp
c:\users\marco\desktop\ue modding\generated sdk\freddy\internal sdk\sdk\prize_cakeslice_functions.cpp(37): fatal error C1010: unexpected end of file while looking for precompiled header. Did you forget to add '#include "stdafx.h"' to your source?
  Prize_ChicaLemonAbr_functions.cpp
c:\users\marco\desktop\ue modding\generated sdk\freddy\internal sdk\sdk\prize_chicalemonabr_functions.cpp(37): fatal error C1010: unexpected end of file while looking for precompiled header. Did you forget to add '#include "stdafx.h"' to your source?
  Prize_ChicaPlush_functions.cpp
c:\users\marco\desktop\ue modding\generated sdk\freddy\internal sdk\sdk\prize_chicaplush_functions.cpp(37): fatal error C1010: unexpected end of file while looking for precompiled header. Did you forget to add '#include "stdafx.h"' to your source?
  Prize_CircusBabyAF_V2_functions.cpp
c:\users\marco\desktop\ue modding\generated sdk\freddy\internal sdk\sdk\prize_circusbabyaf_v2_functions.cpp(37): fatal error C1010: unexpected end of file while looking for precompiled header. Did you forget to add '#include "stdafx.h"' to your source?
  Prize_Common_8Ball_functions.cpp
c:\users\marco\desktop\ue modding\generated sdk\freddy\internal sdk\sdk\prize_common_8ball_functions.cpp(37): fatal error C1010: unexpected end of file while looking for precompiled header. Did you forget to add '#include "stdafx.h"' to your source?
  Prize_Common_BagOfChips01_functions.cpp
c:\users\marco\desktop\ue modding\generated sdk\freddy\internal sdk\sdk\prize_common_bagofchips01_functions.cpp(37): fatal error C1010: unexpected end of file while looking for precompiled header. Did you forget to add '#include "stdafx.h"' to your source?
  Prize_Common_BagOfChips02_functions.cpp
c:\users\marco\desktop\ue modding\generated sdk\freddy\internal sdk\sdk\prize_common_bagofchips02_functions.cpp(37): fatal error C1010: unexpected end of file while looking for precompiled header. Did you forget to add '#include "stdafx.h"' to your source?
  Prize_Common_BagOfChips03_functions.cpp
c:\users\marco\desktop\ue modding\generated sdk\freddy\internal sdk\sdk\prize_common_bagofchips03_functions.cpp(37): fatal error C1010: unexpected end of file while looking for precompiled header. Did you forget to add '#include "stdafx.h"' to your source?
  Prize_Common_BagOfChips04_functions.cpp
c:\users\marco\desktop\ue modding\generated sdk\freddy\internal sdk\sdk\prize_common_bagofchips04_functions.cpp(37): fatal error C1010: unexpected end of file while looking for precompiled header. Did you forget to add '#include "stdafx.h"' to your source?
  Prize_Common_Candy01_functions.cpp
c:\users\marco\desktop\ue modding\generated sdk\freddy\internal sdk\sdk\prize_common_candy01_functions.cpp(37): fatal error C1010: unexpected end of file while looking for precompiled header. Did you forget to add '#include "stdafx.h"' to your source?
  Prize_Common_Candy02_functions.cpp
c:\users\marco\desktop\ue modding\generated sdk\freddy\internal sdk\sdk\prize_common_candy02_functions.cpp(37): fatal error C1010: unexpected end of file while looking for precompiled header. Did you forget to add '#include "stdafx.h"' to your source?
  Prize_Common_Candy03_functions.cpp
c:\users\marco\desktop\ue modding\generated sdk\freddy\internal sdk\sdk\prize_common_candy03_functions.cpp(37): fatal error C1010: unexpected end of file while looking for precompiled header. Did you forget to add '#include "stdafx.h"' to your source?
  Prize_Common_Candy04_functions.cpp
c:\users\marco\desktop\ue modding\generated sdk\freddy\internal sdk\sdk\prize_common_candy04_functions.cpp(118): fatal error C1010: unexpected end of file while looking for precompiled header. Did you forget to add '#include "stdafx.h"' to your source?
  Prize_Common_Choco01_functions.cpp
c:\users\marco\desktop\ue modding\generated sdk\freddy\internal sdk\sdk\prize_common_choco01_functions.cpp(37): fatal error C1010: unexpected end of file while looking for precompiled header. Did you forget to add '#include "stdafx.h"' to your source?
  Prize_Common_Choco02_functions.cpp
c:\users\marco\desktop\ue modding\generated sdk\freddy\internal sdk\sdk\prize_common_choco02_functions.cpp(37): fatal error C1010: unexpected end of file while looking for precompiled header. Did you forget to add '#include "stdafx.h"' to your source?
  Prize_Common_Choco03_functions.cpp
c:\users\marco\desktop\ue modding\generated sdk\freddy\internal sdk\sdk\prize_common_choco03_functions.cpp(37): fatal error C1010: unexpected end of file while looking for precompiled header. Did you forget to add '#include "stdafx.h"' to your source?
  Generating Code...
  Compiling...
  Prize_Common_Choco05_functions.cpp
c:\users\marco\desktop\ue modding\generated sdk\freddy\internal sdk\sdk\prize_common_choco05_functions.cpp(37): fatal error C1010: unexpected end of file while looking for precompiled header. Did you forget to add '#include "stdafx.h"' to your source?
  Prize_Common_Cup01_functions.cpp
c:\users\marco\desktop\ue modding\generated sdk\freddy\internal sdk\sdk\prize_common_cup01_functions.cpp(37): fatal error C1010: unexpected end of file while looking for precompiled header. Did you forget to add '#include "stdafx.h"' to your source?
  Prize_Common_DirtyPaper02_functions.cpp
c:\users\marco\desktop\ue modding\generated sdk\freddy\internal sdk\sdk\prize_common_dirtypaper02_functions.cpp(37): fatal error C1010: unexpected end of file while looking for precompiled header. Did you forget to add '#include "stdafx.h"' to your source?
  Prize_Common_Soda04_functions.cpp
c:\users\marco\desktop\ue modding\generated sdk\freddy\internal sdk\sdk\prize_common_soda04_functions.cpp(37): fatal error C1010: unexpected end of file while looking for precompiled header. Did you forget to add '#include "stdafx.h"' to your source?
  Prize_Common_Soda05_functions.cpp
c:\users\marco\desktop\ue modding\generated sdk\freddy\internal sdk\sdk\prize_common_soda05_functions.cpp(37): fatal error C1010: unexpected end of file while looking for precompiled header. Did you forget to add '#include "stdafx.h"' to your source?
  Prize_Common_Soda06_functions.cpp
c:\users\marco\desktop\ue modding\generated sdk\freddy\internal sdk\sdk\prize_common_soda06_functions.cpp(37): fatal error C1010: unexpected end of file while looking for precompiled header. Did you forget to add '#include "stdafx.h"' to your source?
  Prize_EnnardAF_functions.cpp
c:\users\marco\desktop\ue modding\generated sdk\freddy\internal sdk\sdk\prize_ennardaf_functions.cpp(37): fatal error C1010: unexpected end of file while looking for precompiled header. Did you forget to add '#include "stdafx.h"' to your source?
  Prize_Fan_functions.cpp
c:\users\marco\desktop\ue modding\generated sdk\freddy\internal sdk\sdk\prize_fan_functions.cpp(37): fatal error C1010: unexpected end of file while looking for precompiled header. Did you forget to add '#include "stdafx.h"' to your source?
  Prize_Fazbar_functions.cpp
c:\users\marco\desktop\ue modding\generated sdk\freddy\internal sdk\sdk\prize_fazbar_functions.cpp(37): fatal error C1010: unexpected end of file while looking for precompiled header. Did you forget to add '#include "stdafx.h"' to your source?
  Prize_FoxyPlush_functions.cpp
c:\users\marco\desktop\ue modding\generated sdk\freddy\internal sdk\sdk\prize_foxyplush_functions.cpp(37): fatal error C1010: unexpected end of file while looking for precompiled header. Did you forget to add '#include "stdafx.h"' to your source?
  Prize_FreddyMask_functions.cpp
c:\users\marco\desktop\ue modding\generated sdk\freddy\internal sdk\sdk\prize_freddymask_functions.cpp(37): fatal error C1010: unexpected end of file while looking for precompiled header. Did you forget to add '#include "stdafx.h"' to your source?
  Prize_FuntimeFoxyAF_functions.cpp
c:\users\marco\desktop\ue modding\generated sdk\freddy\internal sdk\sdk\prize_funtimefoxyaf_functions.cpp(37): fatal error C1010: unexpected end of file while looking for precompiled header. Did you forget to add '#include "stdafx.h"' to your source?
  Prize_FuntimeFreddyAF_functions.cpp
c:\users\marco\desktop\ue modding\generated sdk\freddy\internal sdk\sdk\prize_funtimefreddyaf_functions.cpp(37): fatal error C1010: unexpected end of file while looking for precompiled header. Did you forget to add '#include "stdafx.h"' to your source?
  Prize_Helpy_functions.cpp
c:\users\marco\desktop\ue modding\generated sdk\freddy\internal sdk\sdk\prize_helpy_functions.cpp(37): fatal error C1010: unexpected end of file while looking for precompiled header. Did you forget to add '#include "stdafx.h"' to your source?
  Prize_Item_Struct_functions.cpp
c:\users\marco\desktop\ue modding\generated sdk\freddy\internal sdk\sdk\prize_item_struct_functions.cpp(20): fatal error C1010: unexpected end of file while looking for precompiled header. Did you forget to add '#include "stdafx.h"' to your source?
  Prize_MangleAF_functions.cpp
c:\users\marco\desktop\ue modding\generated sdk\freddy\internal sdk\sdk\prize_mangleaf_functions.cpp(37): fatal error C1010: unexpected end of file while looking for precompiled header. Did you forget to add '#include "stdafx.h"' to your source?
  Prize_NightmareFredbearAF_functions.cpp
c:\users\marco\desktop\ue modding\generated sdk\freddy\internal sdk\sdk\prize_nightmarefredbearaf_functions.cpp(37): fatal error C1010: unexpected end of file while looking for precompiled header. Did you forget to add '#include "stdafx.h"' to your source?
  Prize_NightmarionAF_functions.cpp
c:\users\marco\desktop\ue modding\generated sdk\freddy\internal sdk\sdk\prize_nightmarionaf_functions.cpp(37): fatal error C1010: unexpected end of file while looking for precompiled header. Did you forget to add '#include "stdafx.h"' to your source?
  Prize_Nightmarionne_Plush_functions.cpp
c:\users\marco\desktop\ue modding\generated sdk\freddy\internal sdk\sdk\prize_nightmarionne_plush_functions.cpp(37): fatal error C1010: unexpected end of file while looking for precompiled header. Did you forget to add '#include "stdafx.h"' to your source?
  Prize_Parent_functions.cpp
c:\users\marco\desktop\ue modding\generated sdk\freddy\internal sdk\sdk\prize_parent_functions.cpp(290): fatal error C1010: unexpected end of file while looking for precompiled header. Did you forget to add '#include "stdafx.h"' to your source?
  Generating Code...
  Compiling...
  Prize_PlushtrapAF_functions.cpp
c:\users\marco\desktop\ue modding\generated sdk\freddy\internal sdk\sdk\prize_plushtrapaf_functions.cpp(37): fatal error C1010: unexpected end of file while looking for precompiled header. Did you forget to add '#include "stdafx.h"' to your source?
  Prize_PuppetAF_functions.cpp
c:\users\marco\desktop\ue modding\generated sdk\freddy\internal sdk\sdk\prize_puppetaf_functions.cpp(37): fatal error C1010: unexpected end of file while looking for precompiled header. Did you forget to add '#include "stdafx.h"' to your source?
  Prize_Puppet_Plush_functions.cpp
c:\users\marco\desktop\ue modding\generated sdk\freddy\internal sdk\sdk\prize_puppet_plush_functions.cpp(37): fatal error C1010: unexpected end of file while looking for precompiled header. Did you forget to add '#include "stdafx.h"' to your source?
  Prize_Rare_AF_01_functions.cpp
c:\users\marco\desktop\ue modding\generated sdk\freddy\internal sdk\sdk\prize_rare_af_01_functions.cpp(37): fatal error C1010: unexpected end of file while looking for precompiled header. Did you forget to add '#include "stdafx.h"' to your source?
  Prize_Rare_AF_02_functions.cpp
c:\users\marco\desktop\ue modding\generated sdk\freddy\internal sdk\sdk\prize_rare_af_02_functions.cpp(37): fatal error C1010: unexpected end of file while looking for precompiled header. Did you forget to add '#include "stdafx.h"' to your source?
  Prize_Rare_AF_03_functions.cpp
c:\users\marco\desktop\ue modding\generated sdk\freddy\internal sdk\sdk\prize_rare_af_03_functions.cpp(37): fatal error C1010: unexpected end of file while looking for precompiled header. Did you forget to add '#include "stdafx.h"' to your source?
  Prize_Rare_AF_04_functions.cpp
c:\users\marco\desktop\ue modding\generated sdk\freddy\internal sdk\sdk\prize_rare_af_04_functions.cpp(37): fatal error C1010: unexpected end of file while looking for precompiled header. Did you forget to add '#include "stdafx.h"' to your source?
  Prize_Rare_Cupcake01_functions.cpp
c:\users\marco\desktop\ue modding\generated sdk\freddy\internal sdk\sdk\prize_rare_cupcake01_functions.cpp(37): fatal error C1010: unexpected end of file while looking for precompiled header. Did you forget to add '#include "stdafx.h"' to your source?
  Prize_Rare_Plushy01_functions.cpp
c:\users\marco\desktop\ue modding\generated sdk\freddy\internal sdk\sdk\prize_rare_plushy01_functions.cpp(37): fatal error C1010: unexpected end of file while looking for precompiled header. Did you forget to add '#include "stdafx.h"' to your source?
  Prize_Rare_Plushy02_functions.cpp
c:\users\marco\desktop\ue modding\generated sdk\freddy\internal sdk\sdk\prize_rare_plushy02_functions.cpp(37): fatal error C1010: unexpected end of file while looking for precompiled header. Did you forget to add '#include "stdafx.h"' to your source?
  Prize_Rare_Plushy03_functions.cpp
c:\users\marco\desktop\ue modding\generated sdk\freddy\internal sdk\sdk\prize_rare_plushy03_functions.cpp(37): fatal error C1010: unexpected end of file while looking for precompiled header. Did you forget to add '#include "stdafx.h"' to your source?
  Prize_Rare_Plush_FuntimeFoxy_functions.cpp
c:\users\marco\desktop\ue modding\generated sdk\freddy\internal sdk\sdk\prize_rare_plush_funtimefoxy_functions.cpp(37): fatal error C1010: unexpected end of file while looking for precompiled header. Did you forget to add '#include "stdafx.h"' to your source?
  Prize_Rare_Plush_FuntimeFreddy_functions.cpp
c:\users\marco\desktop\ue modding\generated sdk\freddy\internal sdk\sdk\prize_rare_plush_funtimefreddy_functions.cpp(37): fatal error C1010: unexpected end of file while looking for precompiled header. Did you forget to add '#include "stdafx.h"' to your source?
  Prize_Rare_Plush_ToyBonnie_functions.cpp
c:\users\marco\desktop\ue modding\generated sdk\freddy\internal sdk\sdk\prize_rare_plush_toybonnie_functions.cpp(37): fatal error C1010: unexpected end of file while looking for precompiled header. Did you forget to add '#include "stdafx.h"' to your source?
  Prize_Rare_Plush_ToyChica_functions.cpp
c:\users\marco\desktop\ue modding\generated sdk\freddy\internal sdk\sdk\prize_rare_plush_toychica_functions.cpp(37): fatal error C1010: unexpected end of file while looking for precompiled header. Did you forget to add '#include "stdafx.h"' to your source?
  Prize_Rare_Plush_ToyFreddy_functions.cpp
c:\users\marco\desktop\ue modding\generated sdk\freddy\internal sdk\sdk\prize_rare_plush_toyfreddy_functions.cpp(37): fatal error C1010: unexpected end of file while looking for precompiled header. Did you forget to add '#include "stdafx.h"' to your source?
  Prize_Rare_Toy01_functions.cpp
c:\users\marco\desktop\ue modding\generated sdk\freddy\internal sdk\sdk\prize_rare_toy01_functions.cpp(37): fatal error C1010: unexpected end of file while looking for precompiled header. Did you forget to add '#include "stdafx.h"' to your source?
  Prize_Rare_Toy02_functions.cpp
c:\users\marco\desktop\ue modding\generated sdk\freddy\internal sdk\sdk\prize_rare_toy02_functions.cpp(37): fatal error C1010: unexpected end of file while looking for precompiled header. Did you forget to add '#include "stdafx.h"' to your source?
  Prize_Rare_Toy03_functions.cpp
c:\users\marco\desktop\ue modding\generated sdk\freddy\internal sdk\sdk\prize_rare_toy03_functions.cpp(37): fatal error C1010: unexpected end of file while looking for precompiled header. Did you forget to add '#include "stdafx.h"' to your source?
  Prize_Roach_functions.cpp
c:\users\marco\desktop\ue modding\generated sdk\freddy\internal sdk\sdk\prize_roach_functions.cpp(37): fatal error C1010: unexpected end of file while looking for precompiled header. Did you forget to add '#include "stdafx.h"' to your source?
  Generating Code...
  Compiling...
  Prize_temp_functions.cpp
c:\users\marco\desktop\ue modding\generated sdk\freddy\internal sdk\sdk\prize_temp_functions.cpp(37): fatal error C1010: unexpected end of file while looking for precompiled header. Did you forget to add '#include "stdafx.h"' to your source?
  Prize_ToyBonnie_functions.cpp
c:\users\marco\desktop\ue modding\generated sdk\freddy\internal sdk\sdk\prize_toybonnie_functions.cpp(37): fatal error C1010: unexpected end of file while looking for precompiled header. Did you forget to add '#include "stdafx.h"' to your source?
  Prize_ToyChica_functions.cpp
c:\users\marco\desktop\ue modding\generated sdk\freddy\internal sdk\sdk\prize_toychica_functions.cpp(37): fatal error C1010: unexpected end of file while looking for precompiled header. Did you forget to add '#include "stdafx.h"' to your source?
  Prize_ToyFreddyAF_functions.cpp
c:\users\marco\desktop\ue modding\generated sdk\freddy\internal sdk\sdk\prize_toyfreddyaf_functions.cpp(37): fatal error C1010: unexpected end of file while looking for precompiled header. Did you forget to add '#include "stdafx.h"' to your source?
  ProceduralMeshComponent_functions.cpp
c:\users\marco\desktop\ue modding\generated sdk\freddy\internal sdk\sdk\proceduralmeshcomponent_functions.cpp(582): fatal error C1010: unexpected end of file while looking for precompiled header. Did you forget to add '#include "stdafx.h"' to your source?
  PropertyPath_functions.cpp
c:\users\marco\desktop\ue modding\generated sdk\freddy\internal sdk\sdk\propertypath_functions.cpp(20): fatal error C1010: unexpected end of file while looking for precompiled header. Did you forget to add '#include "stdafx.h"' to your source?
  PuppetAIDataStruct_functions.cpp
c:\users\marco\desktop\ue modding\generated sdk\freddy\internal sdk\sdk\puppetaidatastruct_functions.cpp(20): fatal error C1010: unexpected end of file while looking for precompiled header. Did you forget to add '#include "stdafx.h"' to your source?
  Renderer_functions.cpp
c:\users\marco\desktop\ue modding\generated sdk\freddy\internal sdk\sdk\renderer_functions.cpp(20): fatal error C1010: unexpected end of file while looking for precompiled header. Did you forget to add '#include "stdafx.h"' to your source?
  RepairBonnie_BP_functions.cpp
c:\users\marco\desktop\ue modding\generated sdk\freddy\internal sdk\sdk\repairbonnie_bp_functions.cpp(252): fatal error C1010: unexpected end of file while looking for precompiled header. Did you forget to add '#include "stdafx.h"' to your source?
  RightHand_AnimBP_functions.cpp
c:\users\marco\desktop\ue modding\generated sdk\freddy\internal sdk\sdk\righthand_animbp_functions.cpp(60): fatal error C1010: unexpected end of file while looking for precompiled header. Did you forget to add '#include "stdafx.h"' to your source?
  RoomInfo_Bp_functions.cpp
c:\users\marco\desktop\ue modding\generated sdk\freddy\internal sdk\sdk\roominfo_bp_functions.cpp(85): fatal error C1010: unexpected end of file while looking for precompiled header. Did you forget to add '#include "stdafx.h"' to your source?
  Saul_BP_MotionController_functions.cpp
c:\users\marco\desktop\ue modding\generated sdk\freddy\internal sdk\sdk\saul_bp_motioncontroller_functions.cpp(739): fatal error C1010: unexpected end of file while looking for precompiled header. Did you forget to add '#include "stdafx.h"' to your source?
  Saul_MotionControllerPawn_functions.cpp
c:\users\marco\desktop\ue modding\generated sdk\freddy\internal sdk\sdk\saul_motioncontrollerpawn_functions.cpp(2021): fatal error C1010: unexpected end of file while looking for precompiled header. Did you forget to add '#include "stdafx.h"' to your source?
  SaveGame_LevelInfo_functions.cpp
c:\users\marco\desktop\ue modding\generated sdk\freddy\internal sdk\sdk\savegame_levelinfo_functions.cpp(20): fatal error C1010: unexpected end of file while looking for precompiled header. Did you forget to add '#include "stdafx.h"' to your source?
  Serialization_functions.cpp
c:\users\marco\desktop\ue modding\generated sdk\freddy\internal sdk\sdk\serialization_functions.cpp(20): fatal error C1010: unexpected end of file while looking for precompiled header. Did you forget to add '#include "stdafx.h"' to your source?
  SessionMessages_functions.cpp
c:\users\marco\desktop\ue modding\generated sdk\freddy\internal sdk\sdk\sessionmessages_functions.cpp(20): fatal error C1010: unexpected end of file while looking for precompiled header. Did you forget to add '#include "stdafx.h"' to your source?
  SlateCore_functions.cpp
c:\users\marco\desktop\ue modding\generated sdk\freddy\internal sdk\sdk\slatecore_functions.cpp(20): fatal error C1010: unexpected end of file while looking for precompiled header. Did you forget to add '#include "stdafx.h"' to your source?
  Slate_functions.cpp
c:\users\marco\desktop\ue modding\generated sdk\freddy\internal sdk\sdk\slate_functions.cpp(20): fatal error C1010: unexpected end of file while looking for precompiled header. Did you forget to add '#include "stdafx.h"' to your source?
  SpringTrap_AnimBP_functions.cpp
c:\users\marco\desktop\ue modding\generated sdk\freddy\internal sdk\sdk\springtrap_animbp_functions.cpp(1553): fatal error C1010: unexpected end of file while looking for precompiled header. Did you forget to add '#include "stdafx.h"' to your source?
  StarSpinner_functions.cpp
c:\users\marco\desktop\ue modding\generated sdk\freddy\internal sdk\sdk\starspinner_functions.cpp(94): fatal error C1010: unexpected end of file while looking for precompiled header. Did you forget to add '#include "stdafx.h"' to your source?
  Generating Code...
  Compiling...
  SteamVRController_functions.cpp
c:\users\marco\desktop\ue modding\generated sdk\freddy\internal sdk\sdk\steamvrcontroller_functions.cpp(41): fatal error C1010: unexpected end of file while looking for precompiled header. Did you forget to add '#include "stdafx.h"' to your source?
  SteamVR_functions.cpp
c:\users\marco\desktop\ue modding\generated sdk\freddy\internal sdk\sdk\steamvr_functions.cpp(148): fatal error C1010: unexpected end of file while looking for precompiled header. Did you forget to add '#include "stdafx.h"' to your source?
  StereoPanorama_functions.cpp
c:\users\marco\desktop\ue modding\generated sdk\freddy\internal sdk\sdk\stereopanorama_functions.cpp(43): fatal error C1010: unexpected end of file while looking for precompiled header. Did you forget to add '#include "stdafx.h"' to your source?
  SubstanceCore_functions.cpp
c:\users\marco\desktop\ue modding\generated sdk\freddy\internal sdk\sdk\substancecore_functions.cpp(829): fatal error C1010: unexpected end of file while looking for precompiled header. Did you forget to add '#include "stdafx.h"' to your source?
  SubtitleData_functions.cpp
c:\users\marco\desktop\ue modding\generated sdk\freddy\internal sdk\sdk\subtitledata_functions.cpp(20): fatal error C1010: unexpected end of file while looking for precompiled header. Did you forget to add '#include "stdafx.h"' to your source?
  Subtitles_functions.cpp
c:\users\marco\desktop\ue modding\generated sdk\freddy\internal sdk\sdk\subtitles_functions.cpp(82): fatal error C1010: unexpected end of file while looking for precompiled header. Did you forget to add '#include "stdafx.h"' to your source?
  SWGPlatformUtil_functions.cpp
c:\users\marco\desktop\ue modding\generated sdk\freddy\internal sdk\sdk\swgplatformutil_functions.cpp(65): fatal error C1010: unexpected end of file while looking for precompiled header. Did you forget to add '#include "stdafx.h"' to your source?
  SWGVR_functions.cpp
c:\users\marco\desktop\ue modding\generated sdk\freddy\internal sdk\sdk\swgvr_functions.cpp(710): fatal error C1010: unexpected end of file while looking for precompiled header. Did you forget to add '#include "stdafx.h"' to your source?
  TcpMessaging_functions.cpp
c:\users\marco\desktop\ue modding\generated sdk\freddy\internal sdk\sdk\tcpmessaging_functions.cpp(20): fatal error C1010: unexpected end of file while looking for precompiled header. Did you forget to add '#include "stdafx.h"' to your source?
  TeleportSpot_BP_functions.cpp
c:\users\marco\desktop\ue modding\generated sdk\freddy\internal sdk\sdk\teleportspot_bp_functions.cpp(216): fatal error C1010: unexpected end of file while looking for precompiled header. Did you forget to add '#include "stdafx.h"' to your source?
  Teleport_Manager_BP_functions.cpp
c:\users\marco\desktop\ue modding\generated sdk\freddy\internal sdk\sdk\teleport_manager_bp_functions.cpp(207): fatal error C1010: unexpected end of file while looking for precompiled header. Did you forget to add '#include "stdafx.h"' to your source?
  TimeManagement_functions.cpp
c:\users\marco\desktop\ue modding\generated sdk\freddy\internal sdk\sdk\timemanagement_functions.cpp(428): fatal error C1010: unexpected end of file while looking for precompiled header. Did you forget to add '#include "stdafx.h"' to your source?
  Timer_BP_Base_functions.cpp
c:\users\marco\desktop\ue modding\generated sdk\freddy\internal sdk\sdk\timer_bp_base_functions.cpp(170): fatal error C1010: unexpected end of file while looking for precompiled header. Did you forget to add '#include "stdafx.h"' to your source?
  Timer_BP_Child_FunWith_functions.cpp
c:\users\marco\desktop\ue modding\generated sdk\freddy\internal sdk\sdk\timer_bp_child_funwith_functions.cpp(91): fatal error C1010: unexpected end of file while looking for precompiled header. Did you forget to add '#include "stdafx.h"' to your source?
  Timer_functions.cpp
c:\users\marco\desktop\ue modding\generated sdk\freddy\internal sdk\sdk\timer_functions.cpp(41): fatal error C1010: unexpected end of file while looking for precompiled header. Did you forget to add '#include "stdafx.h"' to your source?
  TitleMain_functions.cpp
c:\users\marco\desktop\ue modding\generated sdk\freddy\internal sdk\sdk\titlemain_functions.cpp(91): fatal error C1010: unexpected end of file while looking for precompiled header. Did you forget to add '#include "stdafx.h"' to your source?
  TitleTurnOn_functions.cpp
c:\users\marco\desktop\ue modding\generated sdk\freddy\internal sdk\sdk\titleturnon_functions.cpp(159): fatal error C1010: unexpected end of file while looking for precompiled header. Did you forget to add '#include "stdafx.h"' to your source?
  Title_functions.cpp
c:\users\marco\desktop\ue modding\generated sdk\freddy\internal sdk\sdk\title_functions.cpp(142): fatal error C1010: unexpected end of file while looking for precompiled header. Did you forget to add '#include "stdafx.h"' to your source?
  Title_Sequencer_functions.cpp
c:\users\marco\desktop\ue modding\generated sdk\freddy\internal sdk\sdk\title_sequencer_functions.cpp(193): fatal error C1010: unexpected end of file while looking for precompiled header. Did you forget to add '#include "stdafx.h"' to your source?
  UdpMessaging_functions.cpp
c:\users\marco\desktop\ue modding\generated sdk\freddy\internal sdk\sdk\udpmessaging_functions.cpp(20): fatal error C1010: unexpected end of file while looking for precompiled header. Did you forget to add '#include "stdafx.h"' to your source?
  Generating Code...
  Compiling...
  UIPlayerInfo_functions.cpp
c:\users\marco\desktop\ue modding\generated sdk\freddy\internal sdk\sdk\uiplayerinfo_functions.cpp(20): fatal error C1010: unexpected end of file while looking for precompiled header. Did you forget to add '#include "stdafx.h"' to your source?
  UIPlayerLocation_functions.cpp
c:\users\marco\desktop\ue modding\generated sdk\freddy\internal sdk\sdk\uiplayerlocation_functions.cpp(60): fatal error C1010: unexpected end of file while looking for precompiled header. Did you forget to add '#include "stdafx.h"' to your source?
  UMG_functions.cpp
c:\users\marco\desktop\ue modding\generated sdk\freddy\internal sdk\sdk\umg_functions.cpp(13357): fatal error C1010: unexpected end of file while looking for precompiled header. Did you forget to add '#include "stdafx.h"' to your source?
  VariantManagerContent_functions.cpp
c:\users\marco\desktop\ue modding\generated sdk\freddy\internal sdk\sdk\variantmanagercontent_functions.cpp(343): fatal error C1010: unexpected end of file while looking for precompiled header. Did you forget to add '#include "stdafx.h"' to your source?
  VectorVM_functions.cpp
c:\users\marco\desktop\ue modding\generated sdk\freddy\internal sdk\sdk\vectorvm_functions.cpp(19): fatal error C1010: unexpected end of file while looking for precompiled header. Did you forget to add '#include "stdafx.h"' to your source?
  Vent_Repair_Power_functions.cpp
c:\users\marco\desktop\ue modding\generated sdk\freddy\internal sdk\sdk\vent_repair_power_functions.cpp(41): fatal error C1010: unexpected end of file while looking for precompiled header. Did you forget to add '#include "stdafx.h"' to your source?
  VisibilityTracker_functions.cpp
c:\users\marco\desktop\ue modding\generated sdk\freddy\internal sdk\sdk\visibilitytracker_functions.cpp(20): fatal error C1010: unexpected end of file while looking for precompiled header. Did you forget to add '#include "stdafx.h"' to your source?
  ViveMixedReality_functions.cpp
c:\users\marco\desktop\ue modding\generated sdk\freddy\internal sdk\sdk\vivemixedreality_functions.cpp(93): fatal error C1010: unexpected end of file while looking for precompiled header. Did you forget to add '#include "stdafx.h"' to your source?
  Widget_WarningIcon_functions.cpp
c:\users\marco\desktop\ue modding\generated sdk\freddy\internal sdk\sdk\widget_warningicon_functions.cpp(57): fatal error C1010: unexpected end of file while looking for precompiled header. Did you forget to add '#include "stdafx.h"' to your source?
  Win_Text_functions.cpp
c:\users\marco\desktop\ue modding\generated sdk\freddy\internal sdk\sdk\win_text_functions.cpp(91): fatal error C1010: unexpected end of file while looking for precompiled header. Did you forget to add '#include "stdafx.h"' to your source?
  WmfMediaFactory_functions.cpp
c:\users\marco\desktop\ue modding\generated sdk\freddy\internal sdk\sdk\wmfmediafactory_functions.cpp(20): fatal error C1010: unexpected end of file while looking for precompiled header. Did you forget to add '#include "stdafx.h"' to your source?
  dllmain.cpp
c:\users\marco\desktop\FNAFHWMod\FNAFHWMod\dllmain.cpp(20): error C2065: 'HackThread': undeclared identifier
  mem.cpp
  proc.cpp
  Generating Code...
