c:\users\marco\desktop\FNAFHWMod\FNAFHWMod\release\FNAFHWMod.pch
c:\users\marco\desktop\FNAFHWMod\FNAFHWMod\release\vc141.pdb
c:\users\marco\desktop\FNAFHWMod\FNAFHWMod\release\stdafx.obj
c:\users\marco\desktop\FNAFHWMod\FNAFHWMod\release\bigtoymovestate_functions.obj
c:\users\marco\desktop\FNAFHWMod\FNAFHWMod\release\bigtoyidlestate_functions.obj
c:\users\marco\desktop\FNAFHWMod\FNAFHWMod\release\bedroom_door_bp_functions.obj
c:\users\marco\desktop\FNAFHWMod\FNAFHWMod\release\bedroomclosetdoor_functions.obj
c:\users\marco\desktop\FNAFHWMod\FNAFHWMod\release\bedroomclosetdoors_functions.obj
c:\users\marco\desktop\FNAFHWMod\FNAFHWMod\release\avfmediafactory_functions.obj
c:\users\marco\desktop\FNAFHWMod\FNAFHWMod\release\audioplatformconfiguration_functions.obj
c:\users\marco\desktop\FNAFHWMod\FNAFHWMod\release\audiocapture_functions.obj
c:\users\marco\desktop\FNAFHWMod\FNAFHWMod\release\assignedmasktype_enum_functions.obj
c:\users\marco\desktop\FNAFHWMod\FNAFHWMod\release\assetregistry_functions.obj
c:\users\marco\desktop\FNAFHWMod\FNAFHWMod\release\archvischaracter_functions.obj
c:\users\marco\desktop\FNAFHWMod\FNAFHWMod\release\applevision_functions.obj
c:\users\marco\desktop\FNAFHWMod\FNAFHWMod\release\appleimageutils_functions.obj
c:\users\marco\desktop\FNAFHWMod\FNAFHWMod\release\animgraphruntime_functions.obj
c:\users\marco\desktop\FNAFHWMod\FNAFHWMod\release\animatronicsstate_functions.obj
c:\users\marco\desktop\FNAFHWMod\FNAFHWMod\release\animationcore_functions.obj
c:\users\marco\desktop\FNAFHWMod\FNAFHWMod\release\androidpermission_functions.obj
c:\users\marco\desktop\FNAFHWMod\FNAFHWMod\release\actorsequence_functions.obj
c:\users\marco\desktop\FNAFHWMod\FNAFHWMod\release\actions_functions.obj
c:\users\marco\desktop\FNAFHWMod\FNAFHWMod\release\actiondata_functions.obj
c:\users\marco\desktop\FNAFHWMod\FNAFHWMod\release\characterinfo_functions.obj
c:\users\marco\desktop\FNAFHWMod\FNAFHWMod\release\characterheadfollow_functions.obj
c:\users\marco\desktop\FNAFHWMod\FNAFHWMod\release\cablecomponent_functions.obj
c:\users\marco\desktop\FNAFHWMod\FNAFHWMod\release\button_hold_functions.obj
c:\users\marco\desktop\FNAFHWMod\FNAFHWMod\release\buttonpressarray_functions.obj
c:\users\marco\desktop\FNAFHWMod\FNAFHWMod\release\buttoncheckenum_functions.obj
c:\users\marco\desktop\FNAFHWMod\FNAFHWMod\release\buildpatchservices_functions.obj
c:\users\marco\desktop\FNAFHWMod\FNAFHWMod\release\bttask_stopmove_functions.obj
c:\users\marco\desktop\FNAFHWMod\FNAFHWMod\release\bttask_moveto_functions.obj
c:\users\marco\desktop\FNAFHWMod\FNAFHWMod\release\btservice_randomize_functions.obj
c:\users\marco\desktop\FNAFHWMod\FNAFHWMod\release\bp_fnaf_gameinstance_functions.obj
c:\users\marco\desktop\FNAFHWMod\FNAFHWMod\release\bp_fnafgamestate_functions.obj
c:\users\marco\desktop\FNAFHWMod\FNAFHWMod\release\bp_fnafgamemode_functions.obj
c:\users\marco\desktop\FNAFHWMod\FNAFHWMod\release\bonnie_repair_anim_bp_functions.obj
c:\users\marco\desktop\FNAFHWMod\FNAFHWMod\release\bonnie_office01_animbp_functions.obj
c:\users\marco\desktop\FNAFHWMod\FNAFHWMod\release\bonnie_btn_sound_functions.obj
c:\users\marco\desktop\FNAFHWMod\FNAFHWMod\release\bonnierepairtuner_functions.obj
c:\users\marco\desktop\FNAFHWMod\FNAFHWMod\release\bigtoy_office04_bp_functions.obj
c:\users\marco\desktop\FNAFHWMod\FNAFHWMod\release\bigtoy_office04_animbp_functions.obj
c:\users\marco\desktop\FNAFHWMod\FNAFHWMod\release\bigtoy_o4_state_functions.obj
c:\users\marco\desktop\FNAFHWMod\FNAFHWMod\release\eyetracker_functions.obj
c:\users\marco\desktop\FNAFHWMod\FNAFHWMod\release\eniagaraorientationaxis_functions.obj
c:\users\marco\desktop\FNAFHWMod\FNAFHWMod\release\eniagaracoordinatespace_functions.obj
c:\users\marco\desktop\FNAFHWMod\FNAFHWMod\release\eniagarabooleanlogicops_functions.obj
c:\users\marco\desktop\FNAFHWMod\FNAFHWMod\release\engine_functions.obj
c:\users\marco\desktop\FNAFHWMod\FNAFHWMod\release\enginesettings_functions.obj
c:\users\marco\desktop\FNAFHWMod\FNAFHWMod\release\enginemessages_functions.obj
c:\users\marco\desktop\FNAFHWMod\FNAFHWMod\release\editablemesh_functions.obj
c:\users\marco\desktop\FNAFHWMod\FNAFHWMod\release\edibleenum_functions.obj
c:\users\marco\desktop\FNAFHWMod\FNAFHWMod\release\dmgtypebp_environmental_functions.obj
c:\users\marco\desktop\FNAFHWMod\FNAFHWMod\release\datasmithcontent_functions.obj
c:\users\marco\desktop\FNAFHWMod\FNAFHWMod\release\custommeshcomponent_functions.obj
c:\users\marco\desktop\FNAFHWMod\FNAFHWMod\release\coreuobject_functions.obj
c:\users\marco\desktop\FNAFHWMod\FNAFHWMod\release\confirmationwidget_functions.obj
c:\users\marco\desktop\FNAFHWMod\FNAFHWMod\release\coincounterforhiddencoin_functions.obj
c:\users\marco\desktop\FNAFHWMod\FNAFHWMod\release\clothingsystemruntime_functions.obj
c:\users\marco\desktop\FNAFHWMod\FNAFHWMod\release\clothingsystemruntimeinterface_functions.obj
c:\users\marco\desktop\FNAFHWMod\FNAFHWMod\release\cleardatablueprint_functions.obj
c:\users\marco\desktop\FNAFHWMod\FNAFHWMod\release\cinematiccamera_functions.obj
c:\users\marco\desktop\FNAFHWMod\FNAFHWMod\release\charactersthatcanheadfollow_functions.obj
c:\users\marco\desktop\FNAFHWMod\FNAFHWMod\release\fun_with_plushtrap_anim_bp_functions.obj
c:\users\marco\desktop\FNAFHWMod\FNAFHWMod\release\funwithplushtrap_abp_functions.obj
c:\users\marco\desktop\FNAFHWMod\FNAFHWMod\release\funwithnmbb_abp_functions.obj
c:\users\marco\desktop\FNAFHWMod\FNAFHWMod\release\freddy_office01_animbp_functions.obj
c:\users\marco\desktop\FNAFHWMod\FNAFHWMod\release\freddys_functions.obj
c:\users\marco\desktop\FNAFHWMod\FNAFHWMod\release\freddycharactertype_functions.obj
c:\users\marco\desktop\FNAFHWMod\FNAFHWMod\release\freddiemask_bp_functions.obj
c:\users\marco\desktop\FNAFHWMod\FNAFHWMod\release\foliage_functions.obj
c:\users\marco\desktop\FNAFHWMod\FNAFHWMod\release\fnafvisiondetector_functions.obj
c:\users\marco\desktop\FNAFHWMod\FNAFHWMod\release\fnafsavegame_functions.obj
c:\users\marco\desktop\FNAFHWMod\FNAFHWMod\release\fnafplayerpawn_functions.obj
c:\users\marco\desktop\FNAFHWMod\FNAFHWMod\release\fnafgm_flashlightgame_functions.obj
c:\users\marco\desktop\FNAFHWMod\FNAFHWMod\release\fnafcamera_blueprint_functions.obj
c:\users\marco\desktop\FNAFHWMod\FNAFHWMod\release\flashlight_power_functions.obj
c:\users\marco\desktop\FNAFHWMod\FNAFHWMod\release\flashlight_battery_functions.obj
c:\users\marco\desktop\FNAFHWMod\FNAFHWMod\release\flashlight_battery_finale_functions.obj
c:\users\marco\desktop\FNAFHWMod\FNAFHWMod\release\flashlightbase_functions.obj
c:\users\marco\desktop\FNAFHWMod\FNAFHWMod\release\finalecredits_functions.obj
c:\users\marco\desktop\FNAFHWMod\FNAFHWMod\release\fadehandlerforpause_functions.obj
c:\users\marco\desktop\FNAFHWMod\FNAFHWMod\release\facialanimation_functions.obj
c:\users\marco\desktop\FNAFHWMod\FNAFHWMod\release\ingamemenu_functions.obj
c:\users\marco\desktop\FNAFHWMod\FNAFHWMod\release\imgmedia_functions.obj
c:\users\marco\desktop\FNAFHWMod\FNAFHWMod\release\imgmediafactory_functions.obj
c:\users\marco\desktop\FNAFHWMod\FNAFHWMod\release\imagewritequeue_functions.obj
c:\users\marco\desktop\FNAFHWMod\FNAFHWMod\release\ifnafvisionfilter_functions.obj
c:\users\marco\desktop\FNAFHWMod\FNAFHWMod\release\iflashlightinteractible_functions.obj
c:\users\marco\desktop\FNAFHWMod\FNAFHWMod\release\html5networking_functions.obj
c:\users\marco\desktop\FNAFHWMod\FNAFHWMod\release\hiddencoin_functions.obj
c:\users\marco\desktop\FNAFHWMod\FNAFHWMod\release\headmounteddisplay_functions.obj
c:\users\marco\desktop\FNAFHWMod\FNAFHWMod\release\handtopointerproximitysquare_functions.obj
c:\users\marco\desktop\FNAFHWMod\FNAFHWMod\release\guitar_tune_functions.obj
c:\users\marco\desktop\FNAFHWMod\FNAFHWMod\release\gripenum_functions.obj
c:\users\marco\desktop\FNAFHWMod\FNAFHWMod\release\grabbabletoken_initiallyfrozen_functions.obj
c:\users\marco\desktop\FNAFHWMod\FNAFHWMod\release\grabbabletoken_functions.obj
c:\users\marco\desktop\FNAFHWMod\FNAFHWMod\release\geometrycache_functions.obj
c:\users\marco\desktop\FNAFHWMod\FNAFHWMod\release\geometrycachetracks_functions.obj
c:\users\marco\desktop\FNAFHWMod\FNAFHWMod\release\gametypeenum_functions.obj
c:\users\marco\desktop\FNAFHWMod\FNAFHWMod\release\gameplaytasks_functions.obj
c:\users\marco\desktop\FNAFHWMod\FNAFHWMod\release\gameplaytags_functions.obj
c:\users\marco\desktop\FNAFHWMod\FNAFHWMod\release\fun_with_plushtrap_bp_functions.obj
c:\users\marco\desktop\FNAFHWMod\FNAFHWMod\release\jumpscare_functions.obj
c:\users\marco\desktop\FNAFHWMod\FNAFHWMod\release\jumpscarelist_functions.obj
c:\users\marco\desktop\FNAFHWMod\FNAFHWMod\release\jsonutilities_functions.obj
c:\users\marco\desktop\FNAFHWMod\FNAFHWMod\release\iplayervisioninteractible_functions.obj
c:\users\marco\desktop\FNAFHWMod\FNAFHWMod\release\intromenu_functions.obj
c:\users\marco\desktop\FNAFHWMod\FNAFHWMod\release\intromenu_enum_functions.obj
c:\users\marco\desktop\FNAFHWMod\FNAFHWMod\release\intromenuactor_functions.obj
c:\users\marco\desktop\FNAFHWMod\FNAFHWMod\release\intrologos_functions.obj
c:\users\marco\desktop\FNAFHWMod\FNAFHWMod\release\instructions_springbonnie_functions.obj
c:\users\marco\desktop\FNAFHWMod\FNAFHWMod\release\instructions_repair_functions.obj
c:\users\marco\desktop\FNAFHWMod\FNAFHWMod\release\instructions_plushtrap_functions.obj
c:\users\marco\desktop\FNAFHWMod\FNAFHWMod\release\instructions_plushbaby_functions.obj
c:\users\marco\desktop\FNAFHWMod\FNAFHWMod\release\instructions_office3_functions.obj
c:\users\marco\desktop\FNAFHWMod\FNAFHWMod\release\instructions_office2_functions.obj
c:\users\marco\desktop\FNAFHWMod\FNAFHWMod\release\instructions_office1_functions.obj
c:\users\marco\desktop\FNAFHWMod\FNAFHWMod\release\instructions_funtime_functions.obj
c:\users\marco\desktop\FNAFHWMod\FNAFHWMod\release\instructions_funtimefoxy_functions.obj
c:\users\marco\desktop\FNAFHWMod\FNAFHWMod\release\instructions_circusbaby_functions.obj
c:\users\marco\desktop\FNAFHWMod\FNAFHWMod\release\instructions_baloonboy_functions.obj
c:\users\marco\desktop\FNAFHWMod\FNAFHWMod\release\inputcore_functions.obj
c:\users\marco\desktop\FNAFHWMod\FNAFHWMod\release\mediautils_functions.obj
c:\users\marco\desktop\FNAFHWMod\FNAFHWMod\release\mediacompositing_functions.obj
c:\users\marco\desktop\FNAFHWMod\FNAFHWMod\release\mediaassets_functions.obj
c:\users\marco\desktop\FNAFHWMod\FNAFHWMod\release\materialshaderqualitysettings_functions.obj
c:\users\marco\desktop\FNAFHWMod\FNAFHWMod\release\maintenencecomputer_functions.obj
c:\users\marco\desktop\FNAFHWMod\FNAFHWMod\release\maintenceboard_bp_functions.obj
c:\users\marco\desktop\FNAFHWMod\FNAFHWMod\release\locpoint_bp_functions.obj
c:\users\marco\desktop\FNAFHWMod\FNAFHWMod\release\locationservicesbplibrary_functions.obj
c:\users\marco\desktop\FNAFHWMod\FNAFHWMod\release\lobbyplayercontroller_functions.obj
c:\users\marco\desktop\FNAFHWMod\FNAFHWMod\release\lineartimecode_functions.obj
c:\users\marco\desktop\FNAFHWMod\FNAFHWMod\release\lightslider_functions.obj
c:\users\marco\desktop\FNAFHWMod\FNAFHWMod\release\lightpropagationvolumeruntime_functions.obj
c:\users\marco\desktop\FNAFHWMod\FNAFHWMod\release\lightblocker_functions.obj
c:\users\marco\desktop\FNAFHWMod\FNAFHWMod\release\level_title_functions.obj
c:\users\marco\desktop\FNAFHWMod\FNAFHWMod\release\levelsequence_functions.obj
c:\users\marco\desktop\FNAFHWMod\FNAFHWMod\release\levelinfostruct_functions.obj
c:\users\marco\desktop\FNAFHWMod\FNAFHWMod\release\left_eyeball_washer_functions.obj
c:\users\marco\desktop\FNAFHWMod\FNAFHWMod\release\left_bonnie_eye_jumpscare_functions.obj
c:\users\marco\desktop\FNAFHWMod\FNAFHWMod\release\left_bonnie_eye_functions.obj
c:\users\marco\desktop\FNAFHWMod\FNAFHWMod\release\landscape_functions.obj
c:\users\marco\desktop\FNAFHWMod\FNAFHWMod\release\mpgamemode_functions.obj
c:\users\marco\desktop\FNAFHWMod\FNAFHWMod\release\mpfreddypawn_functions.obj
c:\users\marco\desktop\FNAFHWMod\FNAFHWMod\release\mpfreddypawnbase_functions.obj
c:\users\marco\desktop\FNAFHWMod\FNAFHWMod\release\mpfoxypawn_functions.obj
c:\users\marco\desktop\FNAFHWMod\FNAFHWMod\release\mpcontroller_functions.obj
c:\users\marco\desktop\FNAFHWMod\FNAFHWMod\release\mpchicapawn_functions.obj
c:\users\marco\desktop\FNAFHWMod\FNAFHWMod\release\mpbonnie_functions.obj
c:\users\marco\desktop\FNAFHWMod\FNAFHWMod\release\mpaicontroller_functions.obj
c:\users\marco\desktop\FNAFHWMod\FNAFHWMod\release\moviescene_functions.obj
c:\users\marco\desktop\FNAFHWMod\FNAFHWMod\release\moviescenetracks_functions.obj
c:\users\marco\desktop\FNAFHWMod\FNAFHWMod\release\moviescenecapture_functions.obj
c:\users\marco\desktop\FNAFHWMod\FNAFHWMod\release\movieplayer_functions.obj
c:\users\marco\desktop\FNAFHWMod\FNAFHWMod\release\monitor_clocktime_functions.obj
c:\users\marco\desktop\FNAFHWMod\FNAFHWMod\release\monitorbutton_musicinteractable_bp_functions.obj
c:\users\marco\desktop\FNAFHWMod\FNAFHWMod\release\monitorbutton_maintancebutton_functions.obj
c:\users\marco\desktop\FNAFHWMod\FNAFHWMod\release\monitorbutton_interactable_bp_functions.obj
c:\users\marco\desktop\FNAFHWMod\FNAFHWMod\release\monitorbutton_bp_functions.obj
c:\users\marco\desktop\FNAFHWMod\FNAFHWMod\release\monitorboard_bp_functions.obj
c:\users\marco\desktop\FNAFHWMod\FNAFHWMod\release\mobilepatchingutils_functions.obj
c:\users\marco\desktop\FNAFHWMod\FNAFHWMod\release\meshdescription_functions.obj
c:\users\marco\desktop\FNAFHWMod\FNAFHWMod\release\nmhands_bp_functions.obj
c:\users\marco\desktop\FNAFHWMod\FNAFHWMod\release\nmhands_abp_functions.obj
c:\users\marco\desktop\FNAFHWMod\FNAFHWMod\release\nmfredbear_abp_functions.obj
c:\users\marco\desktop\FNAFHWMod\FNAFHWMod\release\niagara_functions.obj
c:\users\marco\desktop\FNAFHWMod\FNAFHWMod\release\niagarashader_functions.obj
c:\users\marco\desktop\FNAFHWMod\FNAFHWMod\release\niagaracore_functions.obj
c:\users\marco\desktop\FNAFHWMod\FNAFHWMod\release\navigationsystem_functions.obj
c:\users\marco\desktop\FNAFHWMod\FNAFHWMod\release\musicbox_bp_functions.obj
c:\users\marco\desktop\FNAFHWMod\FNAFHWMod\release\mrmesh_functions.obj
c:\users\marco\desktop\FNAFHWMod\FNAFHWMod\release\mpvrplayer_functions.obj
c:\users\marco\desktop\FNAFHWMod\FNAFHWMod\release\mpuivisioncone_functions.obj
c:\users\marco\desktop\FNAFHWMod\FNAFHWMod\release\mpuigame_functions.obj
c:\users\marco\desktop\FNAFHWMod\FNAFHWMod\release\mpuidisplayactor_functions.obj
c:\users\marco\desktop\FNAFHWMod\FNAFHWMod\release\mpplayerlobbyinfo_functions.obj
c:\users\marco\desktop\FNAFHWMod\FNAFHWMod\release\mplobbyui_functions.obj
c:\users\marco\desktop\FNAFHWMod\FNAFHWMod\release\mplobbyuiplayerslot_functions.obj
c:\users\marco\desktop\FNAFHWMod\FNAFHWMod\release\mplobbyuiactor_functions.obj
c:\users\marco\desktop\FNAFHWMod\FNAFHWMod\release\mplobbypawn_functions.obj
c:\users\marco\desktop\FNAFHWMod\FNAFHWMod\release\mplobbygamemode_functions.obj
c:\users\marco\desktop\FNAFHWMod\FNAFHWMod\release\mpgmplayertracking_functions.obj
c:\users\marco\desktop\FNAFHWMod\FNAFHWMod\release\office03_ventroomlockoff_struct_functions.obj
c:\users\marco\desktop\FNAFHWMod\FNAFHWMod\release\office03_resourcemanagement_struct_functions.obj
c:\users\marco\desktop\FNAFHWMod\FNAFHWMod\release\office03_phantomdata_functions.obj
c:\users\marco\desktop\FNAFHWMod\FNAFHWMod\release\office03_phantomai_enum_functions.obj
c:\users\marco\desktop\FNAFHWMod\FNAFHWMod\release\office03_monitorboard_bp_functions.obj
c:\users\marco\desktop\FNAFHWMod\FNAFHWMod\release\office03_gamemanager_functions.obj
c:\users\marco\desktop\FNAFHWMod\FNAFHWMod\release\office02_puppet_bp_functions.obj
c:\users\marco\desktop\FNAFHWMod\FNAFHWMod\release\office02_puppet_animbp_functions.obj
c:\users\marco\desktop\FNAFHWMod\FNAFHWMod\release\office02_monitorboard_bp_functions.obj
c:\users\marco\desktop\FNAFHWMod\FNAFHWMod\release\office02_gamemanager_functions.obj
c:\users\marco\desktop\FNAFHWMod\FNAFHWMod\release\office01_lightmanager_bp_functions.obj
c:\users\marco\desktop\FNAFHWMod\FNAFHWMod\release\office01_gamemanager_functions.obj
c:\users\marco\desktop\FNAFHWMod\FNAFHWMod\release\office01_freddy_functions.obj
c:\users\marco\desktop\FNAFHWMod\FNAFHWMod\release\office01_foxy_functions.obj
c:\users\marco\desktop\FNAFHWMod\FNAFHWMod\release\office01_door_bp_functions.obj
c:\users\marco\desktop\FNAFHWMod\FNAFHWMod\release\office01_doors_functions.obj
c:\users\marco\desktop\FNAFHWMod\FNAFHWMod\release\office01_bonnie_functions.obj
c:\users\marco\desktop\FNAFHWMod\FNAFHWMod\release\office01_aibase_bp_functions.obj
c:\users\marco\desktop\FNAFHWMod\FNAFHWMod\release\office01freddytimes_functions.obj
c:\users\marco\desktop\FNAFHWMod\FNAFHWMod\release\oculushmd_functions.obj
c:\users\marco\desktop\FNAFHWMod\FNAFHWMod\release\paper2d_functions.obj
c:\users\marco\desktop\FNAFHWMod\FNAFHWMod\release\packethandler_functions.obj
c:\users\marco\desktop\FNAFHWMod\FNAFHWMod\release\overlay_functions.obj
c:\users\marco\desktop\FNAFHWMod\FNAFHWMod\release\onlinesubsystem_functions.obj
c:\users\marco\desktop\FNAFHWMod\FNAFHWMod\release\onlinesubsystemutils_functions.obj
c:\users\marco\desktop\FNAFHWMod\FNAFHWMod\release\onlinesubsystemsteam_functions.obj
c:\users\marco\desktop\FNAFHWMod\FNAFHWMod\release\onlinesubsystemoculus_functions.obj
c:\users\marco\desktop\FNAFHWMod\FNAFHWMod\release\office_springtrap_functions.obj
c:\users\marco\desktop\FNAFHWMod\FNAFHWMod\release\office_motioncontrollerpawn_functions.obj
c:\users\marco\desktop\FNAFHWMod\FNAFHWMod\release\office_basegamemanager_functions.obj
c:\users\marco\desktop\FNAFHWMod\FNAFHWMod\release\officevictory_functions.obj
c:\users\marco\desktop\FNAFHWMod\FNAFHWMod\release\officetype_enum_functions.obj
c:\users\marco\desktop\FNAFHWMod\FNAFHWMod\release\officeroomtransition_struct_functions.obj
c:\users\marco\desktop\FNAFHWMod\FNAFHWMod\release\officeaidatastruct_functions.obj
c:\users\marco\desktop\FNAFHWMod\FNAFHWMod\release\officeaibase-bp_functions.obj
c:\users\marco\desktop\FNAFHWMod\FNAFHWMod\release\office4_locations_functions.obj
c:\users\marco\desktop\FNAFHWMod\FNAFHWMod\release\office04_roominfo_bp_functions.obj
c:\users\marco\desktop\FNAFHWMod\FNAFHWMod\release\office04_nightmarefredbear_functions.obj
c:\users\marco\desktop\FNAFHWMod\FNAFHWMod\release\office04_lightcollider_functions.obj
c:\users\marco\desktop\FNAFHWMod\FNAFHWMod\release\office04_gamemanager_functions.obj
c:\users\marco\desktop\FNAFHWMod\FNAFHWMod\release\prize_bonnieplush_functions.obj
c:\users\marco\desktop\FNAFHWMod\FNAFHWMod\release\prize_bonbonaf_functions.obj
c:\users\marco\desktop\FNAFHWMod\FNAFHWMod\release\prize_bobblehead_functions.obj
c:\users\marco\desktop\FNAFHWMod\FNAFHWMod\release\prize_bobblefreddy_functions.obj
c:\users\marco\desktop\FNAFHWMod\FNAFHWMod\release\prize_bobblechica_functions.obj
c:\users\marco\desktop\FNAFHWMod\FNAFHWMod\release\prize_bobblebonnie_functions.obj
c:\users\marco\desktop\FNAFHWMod\FNAFHWMod\release\prize_basketball01_functions.obj
c:\users\marco\desktop\FNAFHWMod\FNAFHWMod\release\prize_baloon_functions.obj
c:\users\marco\desktop\FNAFHWMod\FNAFHWMod\release\prize_baloonboyaf_functions.obj
c:\users\marco\desktop\FNAFHWMod\FNAFHWMod\release\prizetype_functions.obj
c:\users\marco\desktop\FNAFHWMod\FNAFHWMod\release\power_functions.obj
c:\users\marco\desktop\FNAFHWMod\FNAFHWMod\release\powerlvl_functions.obj
c:\users\marco\desktop\FNAFHWMod\FNAFHWMod\release\plushtrapstate_functions.obj
c:\users\marco\desktop\FNAFHWMod\FNAFHWMod\release\plushtrapmovestate_functions.obj
c:\users\marco\desktop\FNAFHWMod\FNAFHWMod\release\plushtrapkillstate_functions.obj
c:\users\marco\desktop\FNAFHWMod\FNAFHWMod\release\plushtrapidlestate_functions.obj
c:\users\marco\desktop\FNAFHWMod\FNAFHWMod\release\playertitlepawn_functions.obj
c:\users\marco\desktop\FNAFHWMod\FNAFHWMod\release\playerhand_right_abp_functions.obj
c:\users\marco\desktop\FNAFHWMod\FNAFHWMod\release\pickupactorinterface_functions.obj
c:\users\marco\desktop\FNAFHWMod\FNAFHWMod\release\physxvehicles_functions.obj
c:\users\marco\desktop\FNAFHWMod\FNAFHWMod\release\prize_common_soda04_functions.obj
c:\users\marco\desktop\FNAFHWMod\FNAFHWMod\release\prize_common_dirtypaper02_functions.obj
c:\users\marco\desktop\FNAFHWMod\FNAFHWMod\release\prize_common_cup01_functions.obj
c:\users\marco\desktop\FNAFHWMod\FNAFHWMod\release\prize_common_choco05_functions.obj
c:\users\marco\desktop\FNAFHWMod\FNAFHWMod\release\prize_common_choco03_functions.obj
c:\users\marco\desktop\FNAFHWMod\FNAFHWMod\release\prize_common_choco02_functions.obj
c:\users\marco\desktop\FNAFHWMod\FNAFHWMod\release\prize_common_choco01_functions.obj
c:\users\marco\desktop\FNAFHWMod\FNAFHWMod\release\prize_common_candy04_functions.obj
c:\users\marco\desktop\FNAFHWMod\FNAFHWMod\release\prize_common_candy03_functions.obj
c:\users\marco\desktop\FNAFHWMod\FNAFHWMod\release\prize_common_candy02_functions.obj
c:\users\marco\desktop\FNAFHWMod\FNAFHWMod\release\prize_common_candy01_functions.obj
c:\users\marco\desktop\FNAFHWMod\FNAFHWMod\release\prize_common_bagofchips04_functions.obj
c:\users\marco\desktop\FNAFHWMod\FNAFHWMod\release\prize_common_bagofchips03_functions.obj
c:\users\marco\desktop\FNAFHWMod\FNAFHWMod\release\prize_common_bagofchips02_functions.obj
c:\users\marco\desktop\FNAFHWMod\FNAFHWMod\release\prize_common_bagofchips01_functions.obj
c:\users\marco\desktop\FNAFHWMod\FNAFHWMod\release\prize_common_8ball_functions.obj
c:\users\marco\desktop\FNAFHWMod\FNAFHWMod\release\prize_circusbabyaf_v2_functions.obj
c:\users\marco\desktop\FNAFHWMod\FNAFHWMod\release\prize_chicaplush_functions.obj
c:\users\marco\desktop\FNAFHWMod\FNAFHWMod\release\prize_chicalemonabr_functions.obj
c:\users\marco\desktop\FNAFHWMod\FNAFHWMod\release\prize_cakeslice_functions.obj
c:\users\marco\desktop\FNAFHWMod\FNAFHWMod\release\prize_rare_af_01_functions.obj
c:\users\marco\desktop\FNAFHWMod\FNAFHWMod\release\prize_puppet_plush_functions.obj
c:\users\marco\desktop\FNAFHWMod\FNAFHWMod\release\prize_puppetaf_functions.obj
c:\users\marco\desktop\FNAFHWMod\FNAFHWMod\release\prize_plushtrapaf_functions.obj
c:\users\marco\desktop\FNAFHWMod\FNAFHWMod\release\prize_parent_functions.obj
c:\users\marco\desktop\FNAFHWMod\FNAFHWMod\release\prize_nightmarionne_plush_functions.obj
c:\users\marco\desktop\FNAFHWMod\FNAFHWMod\release\prize_nightmarionaf_functions.obj
c:\users\marco\desktop\FNAFHWMod\FNAFHWMod\release\prize_nightmarefredbearaf_functions.obj
c:\users\marco\desktop\FNAFHWMod\FNAFHWMod\release\prize_mangleaf_functions.obj
c:\users\marco\desktop\FNAFHWMod\FNAFHWMod\release\prize_item_struct_functions.obj
c:\users\marco\desktop\FNAFHWMod\FNAFHWMod\release\prize_helpy_functions.obj
c:\users\marco\desktop\FNAFHWMod\FNAFHWMod\release\prize_funtimefreddyaf_functions.obj
c:\users\marco\desktop\FNAFHWMod\FNAFHWMod\release\prize_funtimefoxyaf_functions.obj
c:\users\marco\desktop\FNAFHWMod\FNAFHWMod\release\prize_freddymask_functions.obj
c:\users\marco\desktop\FNAFHWMod\FNAFHWMod\release\prize_foxyplush_functions.obj
c:\users\marco\desktop\FNAFHWMod\FNAFHWMod\release\prize_fazbar_functions.obj
c:\users\marco\desktop\FNAFHWMod\FNAFHWMod\release\prize_fan_functions.obj
c:\users\marco\desktop\FNAFHWMod\FNAFHWMod\release\prize_ennardaf_functions.obj
c:\users\marco\desktop\FNAFHWMod\FNAFHWMod\release\prize_common_soda06_functions.obj
c:\users\marco\desktop\FNAFHWMod\FNAFHWMod\release\prize_common_soda05_functions.obj
c:\users\marco\desktop\FNAFHWMod\FNAFHWMod\release\prize_toyfreddyaf_functions.obj
c:\users\marco\desktop\FNAFHWMod\FNAFHWMod\release\prize_toychica_functions.obj
c:\users\marco\desktop\FNAFHWMod\FNAFHWMod\release\prize_toybonnie_functions.obj
c:\users\marco\desktop\FNAFHWMod\FNAFHWMod\release\prize_temp_functions.obj
c:\users\marco\desktop\FNAFHWMod\FNAFHWMod\release\prize_roach_functions.obj
c:\users\marco\desktop\FNAFHWMod\FNAFHWMod\release\prize_rare_toy03_functions.obj
c:\users\marco\desktop\FNAFHWMod\FNAFHWMod\release\prize_rare_toy02_functions.obj
c:\users\marco\desktop\FNAFHWMod\FNAFHWMod\release\prize_rare_toy01_functions.obj
c:\users\marco\desktop\FNAFHWMod\FNAFHWMod\release\prize_rare_plush_toyfreddy_functions.obj
c:\users\marco\desktop\FNAFHWMod\FNAFHWMod\release\prize_rare_plush_toychica_functions.obj
c:\users\marco\desktop\FNAFHWMod\FNAFHWMod\release\prize_rare_plush_toybonnie_functions.obj
c:\users\marco\desktop\FNAFHWMod\FNAFHWMod\release\prize_rare_plush_funtimefreddy_functions.obj
c:\users\marco\desktop\FNAFHWMod\FNAFHWMod\release\prize_rare_plush_funtimefoxy_functions.obj
c:\users\marco\desktop\FNAFHWMod\FNAFHWMod\release\prize_rare_plushy03_functions.obj
c:\users\marco\desktop\FNAFHWMod\FNAFHWMod\release\prize_rare_plushy02_functions.obj
c:\users\marco\desktop\FNAFHWMod\FNAFHWMod\release\prize_rare_plushy01_functions.obj
c:\users\marco\desktop\FNAFHWMod\FNAFHWMod\release\prize_rare_cupcake01_functions.obj
c:\users\marco\desktop\FNAFHWMod\FNAFHWMod\release\prize_rare_af_04_functions.obj
c:\users\marco\desktop\FNAFHWMod\FNAFHWMod\release\prize_rare_af_03_functions.obj
c:\users\marco\desktop\FNAFHWMod\FNAFHWMod\release\prize_rare_af_02_functions.obj
c:\users\marco\desktop\FNAFHWMod\FNAFHWMod\release\substancecore_functions.obj
c:\users\marco\desktop\FNAFHWMod\FNAFHWMod\release\stereopanorama_functions.obj
c:\users\marco\desktop\FNAFHWMod\FNAFHWMod\release\steamvr_functions.obj
c:\users\marco\desktop\FNAFHWMod\FNAFHWMod\release\steamvrcontroller_functions.obj
c:\users\marco\desktop\FNAFHWMod\FNAFHWMod\release\starspinner_functions.obj
c:\users\marco\desktop\FNAFHWMod\FNAFHWMod\release\springtrap_animbp_functions.obj
c:\users\marco\desktop\FNAFHWMod\FNAFHWMod\release\slate_functions.obj
c:\users\marco\desktop\FNAFHWMod\FNAFHWMod\release\slatecore_functions.obj
c:\users\marco\desktop\FNAFHWMod\FNAFHWMod\release\sessionmessages_functions.obj
c:\users\marco\desktop\FNAFHWMod\FNAFHWMod\release\serialization_functions.obj
c:\users\marco\desktop\FNAFHWMod\FNAFHWMod\release\savegame_levelinfo_functions.obj
c:\users\marco\desktop\FNAFHWMod\FNAFHWMod\release\saul_motioncontrollerpawn_functions.obj
c:\users\marco\desktop\FNAFHWMod\FNAFHWMod\release\saul_bp_motioncontroller_functions.obj
c:\users\marco\desktop\FNAFHWMod\FNAFHWMod\release\roominfo_bp_functions.obj
c:\users\marco\desktop\FNAFHWMod\FNAFHWMod\release\righthand_animbp_functions.obj
c:\users\marco\desktop\FNAFHWMod\FNAFHWMod\release\repairbonnie_bp_functions.obj
c:\users\marco\desktop\FNAFHWMod\FNAFHWMod\release\renderer_functions.obj
c:\users\marco\desktop\FNAFHWMod\FNAFHWMod\release\puppetaidatastruct_functions.obj
c:\users\marco\desktop\FNAFHWMod\FNAFHWMod\release\propertypath_functions.obj
c:\users\marco\desktop\FNAFHWMod\FNAFHWMod\release\proceduralmeshcomponent_functions.obj
c:\users\marco\desktop\FNAFHWMod\FNAFHWMod\release\vent_repair_power_functions.obj
c:\users\marco\desktop\FNAFHWMod\FNAFHWMod\release\vectorvm_functions.obj
c:\users\marco\desktop\FNAFHWMod\FNAFHWMod\release\uiplayerlocation_functions.obj
c:\users\marco\desktop\FNAFHWMod\FNAFHWMod\release\uiplayerinfo_functions.obj
c:\users\marco\desktop\FNAFHWMod\FNAFHWMod\release\udpmessaging_functions.obj
c:\users\marco\desktop\FNAFHWMod\FNAFHWMod\release\title_sequencer_functions.obj
c:\users\marco\desktop\FNAFHWMod\FNAFHWMod\release\title_functions.obj
c:\users\marco\desktop\FNAFHWMod\FNAFHWMod\release\titleturnon_functions.obj
c:\users\marco\desktop\FNAFHWMod\FNAFHWMod\release\titlemain_functions.obj
c:\users\marco\desktop\FNAFHWMod\FNAFHWMod\release\timer_functions.obj
c:\users\marco\desktop\FNAFHWMod\FNAFHWMod\release\timer_bp_child_funwith_functions.obj
c:\users\marco\desktop\FNAFHWMod\FNAFHWMod\release\timer_bp_base_functions.obj
c:\users\marco\desktop\FNAFHWMod\FNAFHWMod\release\timemanagement_functions.obj
c:\users\marco\desktop\FNAFHWMod\FNAFHWMod\release\teleport_manager_bp_functions.obj
c:\users\marco\desktop\FNAFHWMod\FNAFHWMod\release\teleportspot_bp_functions.obj
c:\users\marco\desktop\FNAFHWMod\FNAFHWMod\release\tcpmessaging_functions.obj
c:\users\marco\desktop\FNAFHWMod\FNAFHWMod\release\swgvr_functions.obj
c:\users\marco\desktop\FNAFHWMod\FNAFHWMod\release\swgplatformutil_functions.obj
c:\users\marco\desktop\FNAFHWMod\FNAFHWMod\release\subtitles_functions.obj
c:\users\marco\desktop\FNAFHWMod\FNAFHWMod\release\subtitledata_functions.obj
c:\users\marco\desktop\FNAFHWMod\FNAFHWMod\release\proc.obj
c:\users\marco\desktop\FNAFHWMod\FNAFHWMod\release\mem.obj
c:\users\marco\desktop\FNAFHWMod\FNAFHWMod\release\wmfmediafactory_functions.obj
c:\users\marco\desktop\FNAFHWMod\FNAFHWMod\release\win_text_functions.obj
c:\users\marco\desktop\FNAFHWMod\FNAFHWMod\release\vivemixedreality_functions.obj
c:\users\marco\desktop\FNAFHWMod\FNAFHWMod\release\visibilitytracker_functions.obj
c:\users\marco\desktop\FNAFHWMod\FNAFHWMod\release\dllmain.obj
c:\users\marco\desktop\FNAFHWMod\FNAFHWMod\release\firstint.cf974883.tlog\cl.command.1.tlog
c:\users\marco\desktop\FNAFHWMod\FNAFHWMod\release\firstint.cf974883.tlog\cl.read.1.tlog
c:\users\marco\desktop\FNAFHWMod\FNAFHWMod\release\firstint.cf974883.tlog\cl.write.1.tlog
c:\users\marco\desktop\FNAFHWMod\FNAFHWMod\release\firstint.cf974883.tlog\link.command.1.tlog
c:\users\marco\desktop\FNAFHWMod\FNAFHWMod\release\firstint.cf974883.tlog\link.read.1.tlog
c:\users\marco\desktop\FNAFHWMod\FNAFHWMod\release\firstint.cf974883.tlog\link.write.1.tlog
