D:\Development Stuff\VS2019\IDE\MSBuild\Microsoft\VC\v160\Microsoft.CppBuild.targets(452,5): warning MSB8028: The intermediate directory (Debug\) contains files shared from another project (FNAF HW Mod Menu.vcxproj).  This can lead to incorrect clean and rebuild behavior.
  pch.cpp
  dllmain.cpp
  mem.cpp
C:\Users\marco\source\repos\ModMenuFNAFVR\dllmain.cpp(1296,1): error C1010:  unexpected end of file while looking for precompiled header. Did you forget to add '#include "pch.h"' to your source?
  proc.cpp
C:\Users\marco\source\repos\ModMenuFNAFVR\mem.cpp(50,1): error C1010:  unexpected end of file while looking for precompiled header. Did you forget to add '#include "pch.h"' to your source?
  Engine_functions.cpp
C:\Users\marco\source\repos\ModMenuFNAFVR\proc.cpp(65,1): error C1010:  unexpected end of file while looking for precompiled header. Did you forget to add '#include "pch.h"' to your source?
  FNAFGM_FlashlightGame_functions.cpp
C:\Users\marco\source\repos\ModMenuFNAFVR\SDK\Engine_functions.cpp(68068,1): error C1010:  unexpected end of file while looking for precompiled header. Did you forget to add '#include "pch.h"' to your source?
  LightBlockerDoubleFaced_functions.cpp
C:\Users\marco\source\repos\ModMenuFNAFVR\SDK\FNAFGM_FlashlightGame_functions.cpp(78,1): error C1010:  unexpected end of file while looking for precompiled header. Did you forget to add '#include "pch.h"' to your source?
  LightBlocker_functions.cpp
C:\Users\marco\source\repos\ModMenuFNAFVR\SDK\LightBlockerDoubleFaced_functions.cpp(38,1): error C1010:  unexpected end of file while looking for precompiled header. Did you forget to add '#include "pch.h"' to your source?
  MonitorBoard_BP_functions.cpp
C:\Users\marco\source\repos\ModMenuFNAFVR\SDK\LightBlocker_functions.cpp(38,1): error C1010:  unexpected end of file while looking for precompiled header. Did you forget to add '#include "pch.h"' to your source?
  Office01_GameManager_functions.cpp
C:\Users\marco\source\repos\ModMenuFNAFVR\SDK\MonitorBoard_BP_functions.cpp(290,1): error C1010:  unexpected end of file while looking for precompiled header. Did you forget to add '#include "pch.h"' to your source?
  Office01_MonitorBoard_BP_functions.cpp
C:\Users\marco\source\repos\ModMenuFNAFVR\SDK\Office01_GameManager_functions.cpp(407,1): error C1010:  unexpected end of file while looking for precompiled header. Did you forget to add '#include "pch.h"' to your source?
  Office02_GameManager_functions.cpp
C:\Users\marco\source\repos\ModMenuFNAFVR\SDK\Office01_MonitorBoard_BP_functions.cpp(179,1): error C1010:  unexpected end of file while looking for precompiled header. Did you forget to add '#include "pch.h"' to your source?
  Office02_MonitorBoard_BP_functions.cpp
C:\Users\marco\source\repos\ModMenuFNAFVR\SDK\Office02_GameManager_functions.cpp(567,1): error C1010:  unexpected end of file while looking for precompiled header. Did you forget to add '#include "pch.h"' to your source?
  Office02_WitheredBonnie_functions.cpp
C:\Users\marco\source\repos\ModMenuFNAFVR\SDK\Office02_MonitorBoard_BP_functions.cpp(294,1): error C1010:  unexpected end of file while looking for precompiled header. Did you forget to add '#include "pch.h"' to your source?
  Office02_WitheredChica_functions.cpp
C:\Users\marco\source\repos\ModMenuFNAFVR\SDK\Office02_WitheredBonnie_functions.cpp(21,1): error C1010:  unexpected end of file while looking for precompiled header. Did you forget to add '#include "pch.h"' to your source?
  Office02_WitheredFoxy_functions.cpp
C:\Users\marco\source\repos\ModMenuFNAFVR\SDK\Office02_WitheredChica_functions.cpp(21,1): error C1010:  unexpected end of file while looking for precompiled header. Did you forget to add '#include "pch.h"' to your source?
  Office02_WitheredFreddy_functions.cpp
C:\Users\marco\source\repos\ModMenuFNAFVR\SDK\Office02_WitheredFoxy_functions.cpp(236,1): error C1010:  unexpected end of file while looking for precompiled header. Did you forget to add '#include "pch.h"' to your source?
  Office03_Gamemanager_functions.cpp
C:\Users\marco\source\repos\ModMenuFNAFVR\SDK\Office02_WitheredFreddy_functions.cpp(21,1): error C1010:  unexpected end of file while looking for precompiled header. Did you forget to add '#include "pch.h"' to your source?
  Office03_MonitorBoard_BP_functions.cpp
C:\Users\marco\source\repos\ModMenuFNAFVR\SDK\Office03_Gamemanager_functions.cpp(184,1): error C1010:  unexpected end of file while looking for precompiled header. Did you forget to add '#include "pch.h"' to your source?
  OfficeAiBase-Bp_functions.cpp
C:\Users\marco\source\repos\ModMenuFNAFVR\SDK\Office03_MonitorBoard_BP_functions.cpp(523,1): error C1010:  unexpected end of file while looking for precompiled header. Did you forget to add '#include "pch.h"' to your source?
  Office_BaseGamemanager_functions.cpp
C:\Users\marco\source\repos\ModMenuFNAFVR\SDK\OfficeAiBase-Bp_functions.cpp(583,1): error C1010:  unexpected end of file while looking for precompiled header. Did you forget to add '#include "pch.h"' to your source?
  Generating Code...
  Compiling...
  Saul_MotionControllerPawn_functions.cpp
C:\Users\marco\source\repos\ModMenuFNAFVR\SDK\Office_BaseGamemanager_functions.cpp(410,1): error C1010:  unexpected end of file while looking for precompiled header. Did you forget to add '#include "pch.h"' to your source?
  stdafx.cpp
C:\Users\marco\source\repos\ModMenuFNAFVR\SDK\Saul_MotionControllerPawn_functions.cpp(2119,1): error C1010:  unexpected end of file while looking for precompiled header. Did you forget to add '#include "pch.h"' to your source?
  Generating Code...
C:\Users\marco\source\repos\ModMenuFNAFVR\stdafx.cpp(2,1): error C1010:  unexpected end of file while looking for precompiled header. Did you forget to add '#include "pch.h"' to your source?
