e:\latest\desktop\FNAFHWMod\FNAFHWMod\x64\debug\fnaf vr hack (fullbright and more!).pch
e:\latest\desktop\FNAFHWMod\FNAFHWMod\x64\debug\vc142.pdb
e:\latest\desktop\FNAFHWMod\FNAFHWMod\x64\debug\vc142.idb
e:\latest\desktop\FNAFHWMod\FNAFHWMod\x64\debug\stdafx.obj
e:\latest\desktop\FNAFHWMod\FNAFHWMod\x64\debug\lightblocker_functions.obj
e:\latest\desktop\FNAFHWMod\FNAFHWMod\x64\debug\iflashlightinteractible_functions.obj
e:\latest\desktop\FNAFHWMod\FNAFHWMod\x64\debug\ifnafvisionfilter_functions.obj
e:\latest\desktop\FNAFHWMod\FNAFHWMod\x64\debug\headlight_functions.obj
e:\latest\desktop\FNAFHWMod\FNAFHWMod\x64\debug\funwithplushtrap_abp_functions.obj
e:\latest\desktop\FNAFHWMod\FNAFHWMod\x64\debug\funwithnmbb_abp_functions.obj
e:\latest\desktop\FNAFHWMod\FNAFHWMod\x64\debug\floor_flashlight_functions.obj
e:\latest\desktop\FNAFHWMod\FNAFHWMod\x64\debug\flashlight_battery_functions.obj
e:\latest\desktop\FNAFHWMod\FNAFHWMod\x64\debug\flashlight_battery_finale_functions.obj
e:\latest\desktop\FNAFHWMod\FNAFHWMod\x64\debug\flashlightbase_functions.obj
e:\latest\desktop\FNAFHWMod\FNAFHWMod\x64\debug\flashlight_power_functions.obj
e:\latest\desktop\FNAFHWMod\FNAFHWMod\x64\debug\fnafplayerpawn_functions.obj
e:\latest\desktop\FNAFHWMod\FNAFHWMod\x64\debug\fnafgm_flashlightgame_functions.obj
e:\latest\desktop\FNAFHWMod\FNAFHWMod\x64\debug\engine_functions.obj
e:\latest\desktop\FNAFHWMod\FNAFHWMod\x64\debug\enginesettings_functions.obj
e:\latest\desktop\FNAFHWMod\FNAFHWMod\x64\debug\coreuobject_functions.obj
e:\latest\desktop\FNAFHWMod\FNAFHWMod\x64\debug\blackoutmanager_functions.obj
e:\latest\desktop\FNAFHWMod\FNAFHWMod\x64\debug\bedroom_clocktime_functions.obj
e:\latest\desktop\FNAFHWMod\FNAFHWMod\x64\debug\aimodule_functions.obj
e:\latest\desktop\FNAFHWMod\FNAFHWMod\x64\debug\proc.obj
e:\latest\desktop\FNAFHWMod\FNAFHWMod\x64\debug\mem.obj
e:\latest\desktop\FNAFHWMod\FNAFHWMod\x64\debug\vent_repair_power_functions.obj
e:\latest\desktop\FNAFHWMod\FNAFHWMod\x64\debug\saul_motioncontrollerpawn_functions.obj
e:\latest\desktop\FNAFHWMod\FNAFHWMod\x64\debug\swgvr_functions.obj
e:\latest\desktop\FNAFHWMod\FNAFHWMod\x64\debug\power_functions.obj
e:\latest\desktop\FNAFHWMod\FNAFHWMod\x64\debug\powerlvl_functions.obj
e:\latest\desktop\FNAFHWMod\FNAFHWMod\x64\debug\office_basegamemanager_functions.obj
e:\latest\desktop\FNAFHWMod\FNAFHWMod\x64\debug\officeaibase-bp_functions.obj
e:\latest\desktop\FNAFHWMod\FNAFHWMod\x64\debug\office03_gamemanager_functions.obj
e:\latest\desktop\FNAFHWMod\FNAFHWMod\x64\debug\office01_lightmanager_bp_functions.obj
e:\latest\desktop\FNAFHWMod\FNAFHWMod\x64\debug\office01_gamemanager_functions.obj
e:\latest\desktop\FNAFHWMod\FNAFHWMod\x64\debug\office01_doors_functions.obj
e:\latest\desktop\FNAFHWMod\FNAFHWMod\x64\debug\office01_door_bp_functions.obj
e:\latest\desktop\FNAFHWMod\FNAFHWMod\x64\debug\office01_aibase_bp_functions.obj
e:\latest\desktop\FNAFHWMod\FNAFHWMod\x64\debug\monitor_clocktime_functions.obj
e:\latest\desktop\FNAFHWMod\FNAFHWMod\x64\debug\lightslider_functions.obj
e:\latest\desktop\FNAFHWMod\FNAFHWMod\x64\debug\lightpropagationvolumeruntime_functions.obj
e:\latest\desktop\FNAFHWMod\FNAFHWMod\x64\debug\lightmanager_functions.obj
e:\latest\desktop\FNAFHWMod\FNAFHWMod\x64\debug\basic.obj
e:\latest\desktop\FNAFHWMod\FNAFHWMod\x64\debug\dllmain.obj
e:\latest\desktop\FNAFHWMod\bin\fnaf vr hack (fullbright and more!).ipdb
e:\latest\desktop\FNAFHWMod\bin\fnaf vr hack (fullbright and more!).iobj
e:\latest\desktop\FNAFHWMod\FNAFHWMod\x64\debug\fan_functions.obj
e:\latest\desktop\FNAFHWMod\FNAFHWMod\x64\debug\kiero.obj
e:\latest\desktop\FNAFHWMod\bin\fnaf vr hack (fullbright and more!).pdb
e:\latest\desktop\FNAFHWMod\FNAFHWMod\x64\debug\fnaf vr .cf974883.tlog\cl.command.1.tlog
e:\latest\desktop\FNAFHWMod\FNAFHWMod\x64\debug\fnaf vr .cf974883.tlog\cl.read.1.tlog
e:\latest\desktop\FNAFHWMod\FNAFHWMod\x64\debug\fnaf vr .cf974883.tlog\cl.write.1.tlog
e:\latest\desktop\FNAFHWMod\FNAFHWMod\x64\debug\fnaf vr .cf974883.tlog\fnaf vr hack (fullbright and more!).write.1u.tlog
e:\latest\desktop\FNAFHWMod\FNAFHWMod\x64\debug\fnaf vr .cf974883.tlog\link-cvtres.read.1.tlog
e:\latest\desktop\FNAFHWMod\FNAFHWMod\x64\debug\fnaf vr .cf974883.tlog\link-cvtres.write.1.tlog
e:\latest\desktop\FNAFHWMod\FNAFHWMod\x64\debug\fnaf vr .cf974883.tlog\link-rc.read.1.tlog
e:\latest\desktop\FNAFHWMod\FNAFHWMod\x64\debug\fnaf vr .cf974883.tlog\link-rc.write.1.tlog
e:\latest\desktop\FNAFHWMod\FNAFHWMod\x64\debug\fnaf vr .cf974883.tlog\link.10884.delete.1.tlog
e:\latest\desktop\FNAFHWMod\FNAFHWMod\x64\debug\fnaf vr .cf974883.tlog\link.10920.delete.1.tlog
e:\latest\desktop\FNAFHWMod\FNAFHWMod\x64\debug\fnaf vr .cf974883.tlog\link.10924.delete.1.tlog
e:\latest\desktop\FNAFHWMod\FNAFHWMod\x64\debug\fnaf vr .cf974883.tlog\link.11028.delete.1.tlog
e:\latest\desktop\FNAFHWMod\FNAFHWMod\x64\debug\fnaf vr .cf974883.tlog\link.11232.delete.1.tlog
e:\latest\desktop\FNAFHWMod\FNAFHWMod\x64\debug\fnaf vr .cf974883.tlog\link.11656.delete.1.tlog
e:\latest\desktop\FNAFHWMod\FNAFHWMod\x64\debug\fnaf vr .cf974883.tlog\link.13616.delete.1.tlog
e:\latest\desktop\FNAFHWMod\FNAFHWMod\x64\debug\fnaf vr .cf974883.tlog\link.14044.delete.1.tlog
e:\latest\desktop\FNAFHWMod\FNAFHWMod\x64\debug\fnaf vr .cf974883.tlog\link.14556.delete.1.tlog
e:\latest\desktop\FNAFHWMod\FNAFHWMod\x64\debug\fnaf vr .cf974883.tlog\link.14892.delete.1.tlog
e:\latest\desktop\FNAFHWMod\FNAFHWMod\x64\debug\fnaf vr .cf974883.tlog\link.15464.delete.1.tlog
e:\latest\desktop\FNAFHWMod\FNAFHWMod\x64\debug\fnaf vr .cf974883.tlog\link.15576.delete.1.tlog
e:\latest\desktop\FNAFHWMod\FNAFHWMod\x64\debug\fnaf vr .cf974883.tlog\link.15760.delete.1.tlog
e:\latest\desktop\FNAFHWMod\FNAFHWMod\x64\debug\fnaf vr .cf974883.tlog\link.16012.delete.1.tlog
e:\latest\desktop\FNAFHWMod\FNAFHWMod\x64\debug\fnaf vr .cf974883.tlog\link.16196.delete.1.tlog
e:\latest\desktop\FNAFHWMod\FNAFHWMod\x64\debug\fnaf vr .cf974883.tlog\link.16496.delete.1.tlog
e:\latest\desktop\FNAFHWMod\FNAFHWMod\x64\debug\fnaf vr .cf974883.tlog\link.16780.delete.1.tlog
e:\latest\desktop\FNAFHWMod\FNAFHWMod\x64\debug\fnaf vr .cf974883.tlog\link.17196.delete.1.tlog
e:\latest\desktop\FNAFHWMod\FNAFHWMod\x64\debug\fnaf vr .cf974883.tlog\link.17208.delete.1.tlog
e:\latest\desktop\FNAFHWMod\FNAFHWMod\x64\debug\fnaf vr .cf974883.tlog\link.17232.delete.1.tlog
e:\latest\desktop\FNAFHWMod\FNAFHWMod\x64\debug\fnaf vr .cf974883.tlog\link.18160.delete.1.tlog
e:\latest\desktop\FNAFHWMod\FNAFHWMod\x64\debug\fnaf vr .cf974883.tlog\link.19328.delete.1.tlog
e:\latest\desktop\FNAFHWMod\FNAFHWMod\x64\debug\fnaf vr .cf974883.tlog\link.19880.delete.1.tlog
e:\latest\desktop\FNAFHWMod\FNAFHWMod\x64\debug\fnaf vr .cf974883.tlog\link.19892.delete.1.tlog
e:\latest\desktop\FNAFHWMod\FNAFHWMod\x64\debug\fnaf vr .cf974883.tlog\link.20336.delete.1.tlog
e:\latest\desktop\FNAFHWMod\FNAFHWMod\x64\debug\fnaf vr .cf974883.tlog\link.20556.delete.1.tlog
e:\latest\desktop\FNAFHWMod\FNAFHWMod\x64\debug\fnaf vr .cf974883.tlog\link.20992-cvtres.read.1.tlog
e:\latest\desktop\FNAFHWMod\FNAFHWMod\x64\debug\fnaf vr .cf974883.tlog\link.20992-cvtres.write.1.tlog
e:\latest\desktop\FNAFHWMod\FNAFHWMod\x64\debug\fnaf vr .cf974883.tlog\link.20992-rc.read.1.tlog
e:\latest\desktop\FNAFHWMod\FNAFHWMod\x64\debug\fnaf vr .cf974883.tlog\link.20992-rc.write.1.tlog
e:\latest\desktop\FNAFHWMod\FNAFHWMod\x64\debug\fnaf vr .cf974883.tlog\link.20992.read.1.tlog
e:\latest\desktop\FNAFHWMod\FNAFHWMod\x64\debug\fnaf vr .cf974883.tlog\link.20992.write.1.tlog
e:\latest\desktop\FNAFHWMod\FNAFHWMod\x64\debug\fnaf vr .cf974883.tlog\link.2520.delete.1.tlog
e:\latest\desktop\FNAFHWMod\FNAFHWMod\x64\debug\fnaf vr .cf974883.tlog\link.2552.delete.1.tlog
e:\latest\desktop\FNAFHWMod\FNAFHWMod\x64\debug\fnaf vr .cf974883.tlog\link.4888.delete.1.tlog
e:\latest\desktop\FNAFHWMod\FNAFHWMod\x64\debug\fnaf vr .cf974883.tlog\link.5236.delete.1.tlog
e:\latest\desktop\FNAFHWMod\FNAFHWMod\x64\debug\fnaf vr .cf974883.tlog\link.6020.delete.1.tlog
e:\latest\desktop\FNAFHWMod\FNAFHWMod\x64\debug\fnaf vr .cf974883.tlog\link.7264.delete.1.tlog
e:\latest\desktop\FNAFHWMod\FNAFHWMod\x64\debug\fnaf vr .cf974883.tlog\link.8512.delete.1.tlog
e:\latest\desktop\FNAFHWMod\FNAFHWMod\x64\debug\fnaf vr .cf974883.tlog\link.8948.delete.1.tlog
e:\latest\desktop\FNAFHWMod\FNAFHWMod\x64\debug\fnaf vr .cf974883.tlog\link.9236.delete.1.tlog
e:\latest\desktop\FNAFHWMod\FNAFHWMod\x64\debug\fnaf vr .cf974883.tlog\link.9760.delete.1.tlog
e:\latest\desktop\FNAFHWMod\FNAFHWMod\x64\debug\fnaf vr .cf974883.tlog\link.command.1.tlog
e:\latest\desktop\FNAFHWMod\FNAFHWMod\x64\debug\fnaf vr .cf974883.tlog\link.delete.1.tlog
e:\latest\desktop\FNAFHWMod\FNAFHWMod\x64\debug\fnaf vr .cf974883.tlog\link.read.1.tlog
e:\latest\desktop\FNAFHWMod\FNAFHWMod\x64\debug\fnaf vr .cf974883.tlog\link.write.1.tlog
